NOTE: Picked up JDK_JAVA_OPTIONS:  --add-opens=java.base/java.lang=ALL-UNNAMED --add-opens=java.base/java.io=ALL-UNNAMED --add-opens=java.base/java.util=ALL-UNNAMED --add-opens=java.base/java.util.concurrent=ALL-UNNAMED --add-opens=java.rmi/sun.rmi.transport=ALL-UNNAMED
15-Jul-2024 14:35:22.906 INFO [main] org.apache.catalina.startup.VersionLoggerListener.log Server version name:   Apache Tomcat/9.0.91
15-Jul-2024 14:35:22.907 INFO [main] org.apache.catalina.startup.VersionLoggerListener.log Server built:          Jul 2 2024 12:35:51 UTC
15-Jul-2024 14:35:22.907 INFO [main] org.apache.catalina.startup.VersionLoggerListener.log Server version number: 9.0.91.0
15-Jul-2024 14:35:22.907 INFO [main] org.apache.catalina.startup.VersionLoggerListener.log OS Name:               Mac OS X
15-Jul-2024 14:35:22.907 INFO [main] org.apache.catalina.startup.VersionLoggerListener.log OS Version:            14.5
15-Jul-2024 14:35:22.907 INFO [main] org.apache.catalina.startup.VersionLoggerListener.log Architecture:          aarch64
15-Jul-2024 14:35:22.907 INFO [main] org.apache.catalina.startup.VersionLoggerListener.log Java Home:             /Users/nashid/.sdkman/candidates/java/17.0.11.fx-zulu/zulu-17.jdk/Contents/Home
15-Jul-2024 14:35:22.907 INFO [main] org.apache.catalina.startup.VersionLoggerListener.log JVM Version:           17.0.11+9-LTS
15-Jul-2024 14:35:22.907 INFO [main] org.apache.catalina.startup.VersionLoggerListener.log JVM Vendor:            Azul Systems, Inc.
15-Jul-2024 14:35:22.907 INFO [main] org.apache.catalina.startup.VersionLoggerListener.log CATALINA_BASE:         /Users/nashid/repos/apache/apache-tomcat-9.0.91
15-Jul-2024 14:35:22.907 INFO [main] org.apache.catalina.startup.VersionLoggerListener.log CATALINA_HOME:         /Users/nashid/repos/apache/apache-tomcat-9.0.91
15-Jul-2024 14:35:22.912 INFO [main] org.apache.catalina.startup.VersionLoggerListener.log Command line argument: --add-opens=java.base/java.lang=ALL-UNNAMED
15-Jul-2024 14:35:22.912 INFO [main] org.apache.catalina.startup.VersionLoggerListener.log Command line argument: --add-opens=java.base/java.io=ALL-UNNAMED
15-Jul-2024 14:35:22.912 INFO [main] org.apache.catalina.startup.VersionLoggerListener.log Command line argument: --add-opens=java.base/java.util=ALL-UNNAMED
15-Jul-2024 14:35:22.912 INFO [main] org.apache.catalina.startup.VersionLoggerListener.log Command line argument: --add-opens=java.base/java.util.concurrent=ALL-UNNAMED
15-Jul-2024 14:35:22.912 INFO [main] org.apache.catalina.startup.VersionLoggerListener.log Command line argument: --add-opens=java.rmi/sun.rmi.transport=ALL-UNNAMED
15-Jul-2024 14:35:22.912 INFO [main] org.apache.catalina.startup.VersionLoggerListener.log Command line argument: -Djava.util.logging.config.file=/Users/nashid/repos/apache/apache-tomcat-9.0.91/conf/logging.properties
15-Jul-2024 14:35:22.912 INFO [main] org.apache.catalina.startup.VersionLoggerListener.log Command line argument: -Djava.util.logging.manager=org.apache.juli.ClassLoaderLogManager
15-Jul-2024 14:35:22.912 INFO [main] org.apache.catalina.startup.VersionLoggerListener.log Command line argument: -Djava.io.tmpdir=/Users/nashid/repos/apache/apache-tomcat-9.0.91/temp
15-Jul-2024 14:35:22.912 INFO [main] org.apache.catalina.startup.VersionLoggerListener.log Command line argument: -Djdk.tls.ephemeralDHKeySize=2048
15-Jul-2024 14:35:22.912 INFO [main] org.apache.catalina.startup.VersionLoggerListener.log Command line argument: -Djava.protocol.handler.pkgs=org.apache.catalina.webresources
15-Jul-2024 14:35:22.912 INFO [main] org.apache.catalina.startup.VersionLoggerListener.log Command line argument: -Dorg.apache.catalina.security.SecurityListener.UMASK=0027
15-Jul-2024 14:35:22.912 INFO [main] org.apache.catalina.startup.VersionLoggerListener.log Command line argument: -Dignore.endorsed.dirs=
15-Jul-2024 14:35:22.912 INFO [main] org.apache.catalina.startup.VersionLoggerListener.log Command line argument: -Dcatalina.base=/Users/nashid/repos/apache/apache-tomcat-9.0.91
15-Jul-2024 14:35:22.912 INFO [main] org.apache.catalina.startup.VersionLoggerListener.log Command line argument: -Dcatalina.home=/Users/nashid/repos/apache/apache-tomcat-9.0.91
15-Jul-2024 14:35:22.912 INFO [main] org.apache.catalina.startup.VersionLoggerListener.log Command line argument: -Djava.io.tmpdir=/Users/nashid/repos/apache/apache-tomcat-9.0.91/temp
15-Jul-2024 14:35:22.916 INFO [main] org.apache.catalina.core.AprLifecycleListener.lifecycleEvent The Apache Tomcat Native library which allows using OpenSSL was not found on the java.library.path: [/Users/nashid/Library/Java/Extensions:/Library/Java/Extensions:/Network/Library/Java/Extensions:/System/Library/Java/Extensions:/usr/lib/java:.]
15-Jul-2024 14:35:23.015 INFO [main] org.apache.coyote.AbstractProtocol.init Initializing ProtocolHandler ["http-nio-8080"]
15-Jul-2024 14:35:23.026 INFO [main] org.apache.catalina.startup.Catalina.load Server initialization in [185] milliseconds
15-Jul-2024 14:35:23.040 INFO [main] org.apache.catalina.core.StandardService.startInternal Starting service [Catalina]
15-Jul-2024 14:35:23.040 INFO [main] org.apache.catalina.core.StandardEngine.startInternal Starting Servlet engine: [Apache Tomcat/9.0.91]
15-Jul-2024 14:35:23.043 INFO [main] org.apache.catalina.startup.HostConfig.deployDescriptor Deploying deployment descriptor [/Users/nashid/repos/apache/apache-tomcat-9.0.91/conf/Catalina/localhost/parabank-5.0.0-SNAPSHOT.xml]
15-Jul-2024 14:35:23.047 WARNING [main] org.apache.catalina.startup.HostConfig.deployDescriptor The path attribute with value [/parabank-5.0.0-SNAPSHOT] in deployment descriptor [/Users/nashid/repos/apache/apache-tomcat-9.0.91/conf/Catalina/localhost/parabank-5.0.0-SNAPSHOT.xml] has been ignored
15-Jul-2024 14:35:23.049 WARNING [main] org.apache.catalina.startup.HostConfig.deployDescriptor A docBase [/Users/nashid/repos/apache/apache-tomcat-9.0.91/webapps/parabank-5.0.0-SNAPSHOT] inside the host appBase has been specified, and will be ignored
15-Jul-2024 14:35:23.204 WARNING [main] org.apache.tomcat.util.descriptor.web.WebXml.setVersion Unknown version string [5.0]. Default version will be used.
15-Jul-2024 14:35:23.211 WARNING [main] org.apache.tomcat.util.descriptor.web.WebXml.setVersion Unknown version string [5.0]. Default version will be used.
15-Jul-2024 14:35:24.731 INFO [main] org.apache.jasper.servlet.TldScanner.scanJars At least one JAR was scanned for TLDs yet contained no TLDs. Enable debug logging for this logger for a complete list of JARs that were scanned but no TLDs were found in them. Skipping unneeded JARs during scanning can improve startup time and JSP compilation time.
15-Jul-2024 14:35:24.735 SEVERE [main] org.apache.catalina.core.StandardContext.startInternal One or more listeners failed to start. Full details will be found in the appropriate container log file
15-Jul-2024 14:35:24.739 SEVERE [main] org.apache.catalina.core.StandardContext.startInternal Context [/parabank-5.0.0-SNAPSHOT] startup failed due to previous errors
15-Jul-2024 14:35:24.770 INFO [main] org.apache.catalina.startup.HostConfig.deployDescriptor Deployment of deployment descriptor [/Users/nashid/repos/apache/apache-tomcat-9.0.91/conf/Catalina/localhost/parabank-5.0.0-SNAPSHOT.xml] has finished in [1,727] ms
15-Jul-2024 14:35:24.770 INFO [main] org.apache.catalina.startup.HostConfig.deployDirectory Deploying web application directory [/Users/nashid/repos/apache/apache-tomcat-9.0.91/webapps/docs]
15-Jul-2024 14:35:24.782 INFO [main] org.apache.catalina.startup.HostConfig.deployDirectory Deployment of web application directory [/Users/nashid/repos/apache/apache-tomcat-9.0.91/webapps/docs] has finished in [12] ms
15-Jul-2024 14:35:24.782 INFO [main] org.apache.catalina.startup.HostConfig.deployDirectory Deploying web application directory [/Users/nashid/repos/apache/apache-tomcat-9.0.91/webapps/manager]
15-Jul-2024 14:35:24.791 INFO [main] org.apache.catalina.startup.HostConfig.deployDirectory Deployment of web application directory [/Users/nashid/repos/apache/apache-tomcat-9.0.91/webapps/manager] has finished in [9] ms
15-Jul-2024 14:35:24.791 INFO [main] org.apache.catalina.startup.HostConfig.deployDirectory Deploying web application directory [/Users/nashid/repos/apache/apache-tomcat-9.0.91/webapps/examples]
15-Jul-2024 14:35:24.883 INFO [main] org.apache.catalina.startup.HostConfig.deployDirectory Deployment of web application directory [/Users/nashid/repos/apache/apache-tomcat-9.0.91/webapps/examples] has finished in [92] ms
15-Jul-2024 14:35:24.884 INFO [main] org.apache.catalina.startup.HostConfig.deployDirectory Deploying web application directory [/Users/nashid/repos/apache/apache-tomcat-9.0.91/webapps/ROOT]
15-Jul-2024 14:35:24.890 INFO [main] org.apache.catalina.startup.HostConfig.deployDirectory Deployment of web application directory [/Users/nashid/repos/apache/apache-tomcat-9.0.91/webapps/ROOT] has finished in [6] ms
15-Jul-2024 14:35:24.890 INFO [main] org.apache.catalina.startup.HostConfig.deployDirectory Deploying web application directory [/Users/nashid/repos/apache/apache-tomcat-9.0.91/webapps/host-manager]
15-Jul-2024 14:35:24.896 INFO [main] org.apache.catalina.startup.HostConfig.deployDirectory Deployment of web application directory [/Users/nashid/repos/apache/apache-tomcat-9.0.91/webapps/host-manager] has finished in [6] ms
15-Jul-2024 14:35:24.897 INFO [main] org.apache.coyote.AbstractProtocol.start Starting ProtocolHandler ["http-nio-8080"]
15-Jul-2024 14:35:24.901 INFO [main] org.apache.catalina.startup.Catalina.start Server startup in [1874] milliseconds
15-Jul-2024 14:35:42.548 SEVERE [http-nio-8080-exec-6] org.apache.catalina.startup.ExpandWar.copy Error copying [/Users/nashid/repos/apache/apache-tomcat-9.0.91/temp/0-parabank-5.0.0-SNAPSHOT] to [/Users/nashid/repos/apache/apache-tomcat-9.0.91/temp/3-parabank-5.0.0-SNAPSHOT]
	java.io.FileNotFoundException: /Users/nashid/repos/apache/apache-tomcat-9.0.91/temp/0-parabank-5.0.0-SNAPSHOT (No such file or directory)
		at java.base/java.io.FileInputStream.open0(Native Method)
		at java.base/java.io.FileInputStream.open(FileInputStream.java:216)
		at java.base/java.io.FileInputStream.<init>(FileInputStream.java:157)
		at org.apache.catalina.startup.ExpandWar.copy(ExpandWar.java:254)
		at org.apache.catalina.startup.ContextConfig.antiLocking(ContextConfig.java:902)
		at org.apache.catalina.startup.ContextConfig.beforeStart(ContextConfig.java:942)
		at org.apache.catalina.startup.ContextConfig.lifecycleEvent(ContextConfig.java:292)
		at org.apache.catalina.util.LifecycleBase.fireLifecycleEvent(LifecycleBase.java:109)
		at org.apache.catalina.util.LifecycleBase.setStateInternal(LifecycleBase.java:385)
		at org.apache.catalina.util.LifecycleBase.start(LifecycleBase.java:163)
		at org.apache.catalina.manager.ManagerServlet.start(ManagerServlet.java:1303)
		at org.apache.catalina.manager.HTMLManagerServlet.start(HTMLManagerServlet.java:642)
		at org.apache.catalina.manager.HTMLManagerServlet.doPost(HTMLManagerServlet.java:188)
		at javax.servlet.http.HttpServlet.service(HttpServlet.java:555)
		at javax.servlet.http.HttpServlet.service(HttpServlet.java:623)
		at org.apache.catalina.core.ApplicationFilterChain.internalDoFilter(ApplicationFilterChain.java:199)
		at org.apache.catalina.core.ApplicationFilterChain.doFilter(ApplicationFilterChain.java:144)
		at org.apache.catalina.filters.CsrfPreventionFilter.doFilter(CsrfPreventionFilter.java:428)
		at org.apache.catalina.core.ApplicationFilterChain.internalDoFilter(ApplicationFilterChain.java:168)
		at org.apache.catalina.core.ApplicationFilterChain.doFilter(ApplicationFilterChain.java:144)
		at org.apache.tomcat.websocket.server.WsFilter.doFilter(WsFilter.java:51)
		at org.apache.catalina.core.ApplicationFilterChain.internalDoFilter(ApplicationFilterChain.java:168)
		at org.apache.catalina.core.ApplicationFilterChain.doFilter(ApplicationFilterChain.java:144)
		at org.apache.catalina.filters.HttpHeaderSecurityFilter.doFilter(HttpHeaderSecurityFilter.java:129)
		at org.apache.catalina.core.ApplicationFilterChain.internalDoFilter(ApplicationFilterChain.java:168)
		at org.apache.catalina.core.ApplicationFilterChain.doFilter(ApplicationFilterChain.java:144)
		at org.apache.catalina.core.StandardWrapperValve.invoke(StandardWrapperValve.java:168)
		at org.apache.catalina.core.StandardContextValve.invoke(StandardContextValve.java:90)
		at org.apache.catalina.authenticator.AuthenticatorBase.invoke(AuthenticatorBase.java:597)
		at org.apache.catalina.valves.RequestFilterValve.process(RequestFilterValve.java:355)
		at org.apache.catalina.valves.RemoteAddrValve.invoke(RemoteAddrValve.java:54)
		at org.apache.catalina.core.StandardHostValve.invoke(StandardHostValve.java:130)
		at org.apache.catalina.valves.ErrorReportValve.invoke(ErrorReportValve.java:93)
		at org.apache.catalina.valves.AbstractAccessLogValve.invoke(AbstractAccessLogValve.java:660)
		at org.apache.catalina.core.StandardEngineValve.invoke(StandardEngineValve.java:74)
		at org.apache.catalina.connector.CoyoteAdapter.service(CoyoteAdapter.java:346)
		at org.apache.coyote.http11.Http11Processor.service(Http11Processor.java:388)
		at org.apache.coyote.AbstractProcessorLight.process(AbstractProcessorLight.java:63)
		at org.apache.coyote.AbstractProtocol$ConnectionHandler.process(AbstractProtocol.java:936)
		at org.apache.tomcat.util.net.NioEndpoint$SocketProcessor.doRun(NioEndpoint.java:1791)
		at org.apache.tomcat.util.net.SocketProcessorBase.run(SocketProcessorBase.java:52)
		at org.apache.tomcat.util.threads.ThreadPoolExecutor.runWorker(ThreadPoolExecutor.java:1190)
		at org.apache.tomcat.util.threads.ThreadPoolExecutor$Worker.run(ThreadPoolExecutor.java:659)
		at org.apache.tomcat.util.threads.TaskThread$WrappingRunnable.run(TaskThread.java:63)
		at java.base/java.lang.Thread.run(Thread.java:840)
15-Jul-2024 14:35:44.583 INFO [http-nio-8080-exec-7] org.apache.catalina.util.LifecycleBase.stop The stop() method was called on component [WebappLoader[StandardEngine[Catalina].StandardHost[localhost].StandardContext[/parabank-5.0.0-SNAPSHOT]]] after stop() had already been called. The second call will be ignored.
15-Jul-2024 14:35:44.584 INFO [http-nio-8080-exec-7] org.apache.catalina.util.LifecycleBase.destroy The destroy() method was called on component [org.apache.catalina.webresources.DirResourceSet@27da4da] after destroy() had already been called. The second call will be ignored.
15-Jul-2024 14:35:45.152 INFO [http-nio-8080-exec-7] org.apache.catalina.startup.HostConfig.undeploy Undeploying context [/parabank-5.0.0-SNAPSHOT]
15-Jul-2024 14:36:12.000 INFO [main] org.apache.catalina.core.StandardServer.await A valid shutdown command was received via the shutdown port. Stopping the Server instance.
15-Jul-2024 14:36:12.000 INFO [main] org.apache.coyote.AbstractProtocol.pause Pausing ProtocolHandler ["http-nio-8080"]
15-Jul-2024 14:36:13.003 INFO [main] org.apache.catalina.core.StandardService.stopInternal Stopping service [Catalina]
15-Jul-2024 14:36:13.063 INFO [main] org.apache.coyote.AbstractProtocol.stop Stopping ProtocolHandler ["http-nio-8080"]
15-Jul-2024 14:36:13.667 WARNING [main] org.apache.tomcat.util.net.Acceptor.stopMillis The acceptor thread [http-nio-8080-Acceptor] did not stop cleanly
15-Jul-2024 14:36:13.673 INFO [main] org.apache.coyote.AbstractProtocol.destroy Destroying ProtocolHandler ["http-nio-8080"]
NOTE: Picked up JDK_JAVA_OPTIONS:  --add-opens=java.base/java.lang=ALL-UNNAMED --add-opens=java.base/java.io=ALL-UNNAMED --add-opens=java.base/java.util=ALL-UNNAMED --add-opens=java.base/java.util.concurrent=ALL-UNNAMED --add-opens=java.rmi/sun.rmi.transport=ALL-UNNAMED
15-Jul-2024 14:36:42.065 INFO [main] org.apache.catalina.startup.VersionLoggerListener.log Server version name:   Apache Tomcat/9.0.91
15-Jul-2024 14:36:42.066 INFO [main] org.apache.catalina.startup.VersionLoggerListener.log Server built:          Jul 2 2024 12:35:51 UTC
15-Jul-2024 14:36:42.066 INFO [main] org.apache.catalina.startup.VersionLoggerListener.log Server version number: 9.0.91.0
15-Jul-2024 14:36:42.066 INFO [main] org.apache.catalina.startup.VersionLoggerListener.log OS Name:               Mac OS X
15-Jul-2024 14:36:42.067 INFO [main] org.apache.catalina.startup.VersionLoggerListener.log OS Version:            14.5
15-Jul-2024 14:36:42.067 INFO [main] org.apache.catalina.startup.VersionLoggerListener.log Architecture:          aarch64
15-Jul-2024 14:36:42.067 INFO [main] org.apache.catalina.startup.VersionLoggerListener.log Java Home:             /Users/nashid/.sdkman/candidates/java/17.0.11.fx-zulu/zulu-17.jdk/Contents/Home
15-Jul-2024 14:36:42.067 INFO [main] org.apache.catalina.startup.VersionLoggerListener.log JVM Version:           17.0.11+9-LTS
15-Jul-2024 14:36:42.067 INFO [main] org.apache.catalina.startup.VersionLoggerListener.log JVM Vendor:            Azul Systems, Inc.
15-Jul-2024 14:36:42.067 INFO [main] org.apache.catalina.startup.VersionLoggerListener.log CATALINA_BASE:         /Users/nashid/repos/apache/apache-tomcat-9.0.91
15-Jul-2024 14:36:42.067 INFO [main] org.apache.catalina.startup.VersionLoggerListener.log CATALINA_HOME:         /Users/nashid/repos/apache/apache-tomcat-9.0.91
15-Jul-2024 14:36:42.071 INFO [main] org.apache.catalina.startup.VersionLoggerListener.log Command line argument: --add-opens=java.base/java.lang=ALL-UNNAMED
15-Jul-2024 14:36:42.071 INFO [main] org.apache.catalina.startup.VersionLoggerListener.log Command line argument: --add-opens=java.base/java.io=ALL-UNNAMED
15-Jul-2024 14:36:42.071 INFO [main] org.apache.catalina.startup.VersionLoggerListener.log Command line argument: --add-opens=java.base/java.util=ALL-UNNAMED
15-Jul-2024 14:36:42.071 INFO [main] org.apache.catalina.startup.VersionLoggerListener.log Command line argument: --add-opens=java.base/java.util.concurrent=ALL-UNNAMED
15-Jul-2024 14:36:42.071 INFO [main] org.apache.catalina.startup.VersionLoggerListener.log Command line argument: --add-opens=java.rmi/sun.rmi.transport=ALL-UNNAMED
15-Jul-2024 14:36:42.071 INFO [main] org.apache.catalina.startup.VersionLoggerListener.log Command line argument: -Djava.util.logging.config.file=/Users/nashid/repos/apache/apache-tomcat-9.0.91/conf/logging.properties
15-Jul-2024 14:36:42.071 INFO [main] org.apache.catalina.startup.VersionLoggerListener.log Command line argument: -Djava.util.logging.manager=org.apache.juli.ClassLoaderLogManager
15-Jul-2024 14:36:42.071 INFO [main] org.apache.catalina.startup.VersionLoggerListener.log Command line argument: -Djava.io.tmpdir=/Users/nashid/repos/apache/apache-tomcat-9.0.91/temp
15-Jul-2024 14:36:42.071 INFO [main] org.apache.catalina.startup.VersionLoggerListener.log Command line argument: -Djdk.tls.ephemeralDHKeySize=2048
15-Jul-2024 14:36:42.071 INFO [main] org.apache.catalina.startup.VersionLoggerListener.log Command line argument: -Djava.protocol.handler.pkgs=org.apache.catalina.webresources
15-Jul-2024 14:36:42.071 INFO [main] org.apache.catalina.startup.VersionLoggerListener.log Command line argument: -Dorg.apache.catalina.security.SecurityListener.UMASK=0027
15-Jul-2024 14:36:42.071 INFO [main] org.apache.catalina.startup.VersionLoggerListener.log Command line argument: -Dignore.endorsed.dirs=
15-Jul-2024 14:36:42.071 INFO [main] org.apache.catalina.startup.VersionLoggerListener.log Command line argument: -Dcatalina.base=/Users/nashid/repos/apache/apache-tomcat-9.0.91
15-Jul-2024 14:36:42.071 INFO [main] org.apache.catalina.startup.VersionLoggerListener.log Command line argument: -Dcatalina.home=/Users/nashid/repos/apache/apache-tomcat-9.0.91
15-Jul-2024 14:36:42.071 INFO [main] org.apache.catalina.startup.VersionLoggerListener.log Command line argument: -Djava.io.tmpdir=/Users/nashid/repos/apache/apache-tomcat-9.0.91/temp
15-Jul-2024 14:36:42.075 INFO [main] org.apache.catalina.core.AprLifecycleListener.lifecycleEvent The Apache Tomcat Native library which allows using OpenSSL was not found on the java.library.path: [/Users/nashid/Library/Java/Extensions:/Library/Java/Extensions:/Network/Library/Java/Extensions:/System/Library/Java/Extensions:/usr/lib/java:.]
15-Jul-2024 14:36:42.174 INFO [main] org.apache.coyote.AbstractProtocol.init Initializing ProtocolHandler ["http-nio-8080"]
15-Jul-2024 14:36:42.185 INFO [main] org.apache.catalina.startup.Catalina.load Server initialization in [186] milliseconds
15-Jul-2024 14:36:42.199 INFO [main] org.apache.catalina.core.StandardService.startInternal Starting service [Catalina]
15-Jul-2024 14:36:42.199 INFO [main] org.apache.catalina.core.StandardEngine.startInternal Starting Servlet engine: [Apache Tomcat/9.0.91]
15-Jul-2024 14:36:42.201 INFO [main] org.apache.catalina.startup.HostConfig.deployDirectory Deploying web application directory [/Users/nashid/repos/apache/apache-tomcat-9.0.91/webapps/docs]
15-Jul-2024 14:36:42.292 INFO [main] org.apache.catalina.startup.HostConfig.deployDirectory Deployment of web application directory [/Users/nashid/repos/apache/apache-tomcat-9.0.91/webapps/docs] has finished in [90] ms
15-Jul-2024 14:36:42.292 INFO [main] org.apache.catalina.startup.HostConfig.deployDirectory Deploying web application directory [/Users/nashid/repos/apache/apache-tomcat-9.0.91/webapps/manager]
15-Jul-2024 14:36:42.310 INFO [main] org.apache.catalina.startup.HostConfig.deployDirectory Deployment of web application directory [/Users/nashid/repos/apache/apache-tomcat-9.0.91/webapps/manager] has finished in [18] ms
15-Jul-2024 14:36:42.310 INFO [main] org.apache.catalina.startup.HostConfig.deployDirectory Deploying web application directory [/Users/nashid/repos/apache/apache-tomcat-9.0.91/webapps/examples]
15-Jul-2024 14:36:42.426 INFO [main] org.apache.catalina.startup.HostConfig.deployDirectory Deployment of web application directory [/Users/nashid/repos/apache/apache-tomcat-9.0.91/webapps/examples] has finished in [116] ms
15-Jul-2024 14:36:42.426 INFO [main] org.apache.catalina.startup.HostConfig.deployDirectory Deploying web application directory [/Users/nashid/repos/apache/apache-tomcat-9.0.91/webapps/ROOT]
15-Jul-2024 14:36:42.433 INFO [main] org.apache.catalina.startup.HostConfig.deployDirectory Deployment of web application directory [/Users/nashid/repos/apache/apache-tomcat-9.0.91/webapps/ROOT] has finished in [7] ms
15-Jul-2024 14:36:42.434 INFO [main] org.apache.catalina.startup.HostConfig.deployDirectory Deploying web application directory [/Users/nashid/repos/apache/apache-tomcat-9.0.91/webapps/parabank]
15-Jul-2024 14:36:42.714 WARNING [main] org.apache.tomcat.util.descriptor.web.WebXml.setVersion Unknown version string [5.0]. Default version will be used.
15-Jul-2024 14:36:42.719 WARNING [main] org.apache.tomcat.util.descriptor.web.WebXml.setVersion Unknown version string [5.0]. Default version will be used.
15-Jul-2024 14:36:44.232 INFO [main] org.apache.jasper.servlet.TldScanner.scanJars At least one JAR was scanned for TLDs yet contained no TLDs. Enable debug logging for this logger for a complete list of JARs that were scanned but no TLDs were found in them. Skipping unneeded JARs during scanning can improve startup time and JSP compilation time.
15-Jul-2024 14:36:44.236 SEVERE [main] org.apache.catalina.core.StandardContext.startInternal One or more listeners failed to start. Full details will be found in the appropriate container log file
15-Jul-2024 14:36:44.236 SEVERE [main] org.apache.catalina.core.StandardContext.startInternal Context [/parabank] startup failed due to previous errors
15-Jul-2024 14:36:44.265 INFO [main] org.apache.catalina.startup.HostConfig.deployDirectory Deployment of web application directory [/Users/nashid/repos/apache/apache-tomcat-9.0.91/webapps/parabank] has finished in [1,831] ms
15-Jul-2024 14:36:44.265 INFO [main] org.apache.catalina.startup.HostConfig.deployDirectory Deploying web application directory [/Users/nashid/repos/apache/apache-tomcat-9.0.91/webapps/host-manager]
15-Jul-2024 14:36:44.272 INFO [main] org.apache.catalina.startup.HostConfig.deployDirectory Deployment of web application directory [/Users/nashid/repos/apache/apache-tomcat-9.0.91/webapps/host-manager] has finished in [7] ms
15-Jul-2024 14:36:44.273 INFO [main] org.apache.coyote.AbstractProtocol.start Starting ProtocolHandler ["http-nio-8080"]
15-Jul-2024 14:36:44.277 INFO [main] org.apache.catalina.startup.Catalina.start Server startup in [2091] milliseconds
15-Jul-2024 14:36:52.535 SEVERE [http-nio-8080-exec-7] org.apache.catalina.startup.ExpandWar.copy Error copying [/Users/nashid/repos/apache/apache-tomcat-9.0.91/temp/2-parabank] to [/Users/nashid/repos/apache/apache-tomcat-9.0.91/temp/3-parabank]
	java.io.FileNotFoundException: /Users/nashid/repos/apache/apache-tomcat-9.0.91/temp/2-parabank (No such file or directory)
		at java.base/java.io.FileInputStream.open0(Native Method)
		at java.base/java.io.FileInputStream.open(FileInputStream.java:216)
		at java.base/java.io.FileInputStream.<init>(FileInputStream.java:157)
		at org.apache.catalina.startup.ExpandWar.copy(ExpandWar.java:254)
		at org.apache.catalina.startup.ContextConfig.antiLocking(ContextConfig.java:902)
		at org.apache.catalina.startup.ContextConfig.beforeStart(ContextConfig.java:942)
		at org.apache.catalina.startup.ContextConfig.lifecycleEvent(ContextConfig.java:292)
		at org.apache.catalina.util.LifecycleBase.fireLifecycleEvent(LifecycleBase.java:109)
		at org.apache.catalina.util.LifecycleBase.setStateInternal(LifecycleBase.java:385)
		at org.apache.catalina.util.LifecycleBase.start(LifecycleBase.java:163)
		at org.apache.catalina.manager.ManagerServlet.start(ManagerServlet.java:1303)
		at org.apache.catalina.manager.HTMLManagerServlet.start(HTMLManagerServlet.java:642)
		at org.apache.catalina.manager.HTMLManagerServlet.doPost(HTMLManagerServlet.java:188)
		at javax.servlet.http.HttpServlet.service(HttpServlet.java:555)
		at javax.servlet.http.HttpServlet.service(HttpServlet.java:623)
		at org.apache.catalina.core.ApplicationFilterChain.internalDoFilter(ApplicationFilterChain.java:199)
		at org.apache.catalina.core.ApplicationFilterChain.doFilter(ApplicationFilterChain.java:144)
		at org.apache.catalina.filters.CsrfPreventionFilter.doFilter(CsrfPreventionFilter.java:428)
		at org.apache.catalina.core.ApplicationFilterChain.internalDoFilter(ApplicationFilterChain.java:168)
		at org.apache.catalina.core.ApplicationFilterChain.doFilter(ApplicationFilterChain.java:144)
		at org.apache.tomcat.websocket.server.WsFilter.doFilter(WsFilter.java:51)
		at org.apache.catalina.core.ApplicationFilterChain.internalDoFilter(ApplicationFilterChain.java:168)
		at org.apache.catalina.core.ApplicationFilterChain.doFilter(ApplicationFilterChain.java:144)
		at org.apache.catalina.filters.HttpHeaderSecurityFilter.doFilter(HttpHeaderSecurityFilter.java:129)
		at org.apache.catalina.core.ApplicationFilterChain.internalDoFilter(ApplicationFilterChain.java:168)
		at org.apache.catalina.core.ApplicationFilterChain.doFilter(ApplicationFilterChain.java:144)
		at org.apache.catalina.core.StandardWrapperValve.invoke(StandardWrapperValve.java:168)
		at org.apache.catalina.core.StandardContextValve.invoke(StandardContextValve.java:90)
		at org.apache.catalina.authenticator.AuthenticatorBase.invoke(AuthenticatorBase.java:597)
		at org.apache.catalina.valves.RequestFilterValve.process(RequestFilterValve.java:355)
		at org.apache.catalina.valves.RemoteAddrValve.invoke(RemoteAddrValve.java:54)
		at org.apache.catalina.core.StandardHostValve.invoke(StandardHostValve.java:130)
		at org.apache.catalina.valves.ErrorReportValve.invoke(ErrorReportValve.java:93)
		at org.apache.catalina.valves.AbstractAccessLogValve.invoke(AbstractAccessLogValve.java:660)
		at org.apache.catalina.core.StandardEngineValve.invoke(StandardEngineValve.java:74)
		at org.apache.catalina.connector.CoyoteAdapter.service(CoyoteAdapter.java:346)
		at org.apache.coyote.http11.Http11Processor.service(Http11Processor.java:388)
		at org.apache.coyote.AbstractProcessorLight.process(AbstractProcessorLight.java:63)
		at org.apache.coyote.AbstractProtocol$ConnectionHandler.process(AbstractProtocol.java:936)
		at org.apache.tomcat.util.net.NioEndpoint$SocketProcessor.doRun(NioEndpoint.java:1791)
		at org.apache.tomcat.util.net.SocketProcessorBase.run(SocketProcessorBase.java:52)
		at org.apache.tomcat.util.threads.ThreadPoolExecutor.runWorker(ThreadPoolExecutor.java:1190)
		at org.apache.tomcat.util.threads.ThreadPoolExecutor$Worker.run(ThreadPoolExecutor.java:659)
		at org.apache.tomcat.util.threads.TaskThread$WrappingRunnable.run(TaskThread.java:63)
		at java.base/java.lang.Thread.run(Thread.java:840)
15-Jul-2024 14:38:54.419 INFO [Catalina-utility-1] org.apache.catalina.startup.HostConfig.undeploy Undeploying context [/parabank]
15-Jul-2024 14:38:54.421 INFO [Catalina-utility-1] org.apache.catalina.util.LifecycleBase.stop The stop() method was called on component [WebappLoader[StandardEngine[Catalina].StandardHost[localhost].StandardContext[/parabank]]] after stop() had already been called. The second call will be ignored.
15-Jul-2024 14:38:54.421 INFO [Catalina-utility-1] org.apache.catalina.util.LifecycleBase.destroy The destroy() method was called on component [org.apache.catalina.webresources.DirResourceSet@7878b911] after destroy() had already been called. The second call will be ignored.
15-Jul-2024 14:38:54.425 INFO [Catalina-utility-1] org.apache.catalina.startup.HostConfig.deployDescriptor Deploying deployment descriptor [/Users/nashid/repos/apache/apache-tomcat-9.0.91/conf/Catalina/localhost/parabank.xml]
15-Jul-2024 14:38:54.427 WARNING [Catalina-utility-1] org.apache.catalina.startup.HostConfig.deployDescriptor The path attribute with value [/parabank] in deployment descriptor [/Users/nashid/repos/apache/apache-tomcat-9.0.91/conf/Catalina/localhost/parabank.xml] has been ignored
15-Jul-2024 14:38:54.428 WARNING [Catalina-utility-1] org.apache.catalina.startup.HostConfig.deployDescriptor A docBase [/Users/nashid/repos/apache/apache-tomcat-9.0.91/webapps/parabank] inside the host appBase has been specified, and will be ignored
15-Jul-2024 14:38:54.549 WARNING [Catalina-utility-1] org.apache.tomcat.util.descriptor.web.WebXml.setVersion Unknown version string [5.0]. Default version will be used.
15-Jul-2024 14:38:54.552 WARNING [Catalina-utility-1] org.apache.tomcat.util.descriptor.web.WebXml.setVersion Unknown version string [5.0]. Default version will be used.
15-Jul-2024 14:38:55.918 INFO [Catalina-utility-1] org.apache.jasper.servlet.TldScanner.scanJars At least one JAR was scanned for TLDs yet contained no TLDs. Enable debug logging for this logger for a complete list of JARs that were scanned but no TLDs were found in them. Skipping unneeded JARs during scanning can improve startup time and JSP compilation time.
15-Jul-2024 14:38:55.921 SEVERE [Catalina-utility-1] org.apache.catalina.core.StandardContext.startInternal One or more listeners failed to start. Full details will be found in the appropriate container log file
15-Jul-2024 14:38:55.921 SEVERE [Catalina-utility-1] org.apache.catalina.core.StandardContext.startInternal Context [/parabank] startup failed due to previous errors
15-Jul-2024 14:38:55.950 INFO [Catalina-utility-1] org.apache.catalina.startup.HostConfig.deployDescriptor Deployment of deployment descriptor [/Users/nashid/repos/apache/apache-tomcat-9.0.91/conf/Catalina/localhost/parabank.xml] has finished in [1,525] ms
15-Jul-2024 14:39:00.868 INFO [main] org.apache.catalina.core.StandardServer.await A valid shutdown command was received via the shutdown port. Stopping the Server instance.
15-Jul-2024 14:39:00.868 INFO [main] org.apache.coyote.AbstractProtocol.pause Pausing ProtocolHandler ["http-nio-8080"]
15-Jul-2024 14:39:00.870 INFO [main] org.apache.catalina.core.StandardService.stopInternal Stopping service [Catalina]
15-Jul-2024 14:39:00.901 INFO [main] org.apache.coyote.AbstractProtocol.stop Stopping ProtocolHandler ["http-nio-8080"]
15-Jul-2024 14:39:00.907 INFO [main] org.apache.coyote.AbstractProtocol.destroy Destroying ProtocolHandler ["http-nio-8080"]
NOTE: Picked up JDK_JAVA_OPTIONS:  --add-opens=java.base/java.lang=ALL-UNNAMED --add-opens=java.base/java.io=ALL-UNNAMED --add-opens=java.base/java.util=ALL-UNNAMED --add-opens=java.base/java.util.concurrent=ALL-UNNAMED --add-opens=java.rmi/sun.rmi.transport=ALL-UNNAMED
15-Jul-2024 14:39:04.231 INFO [main] org.apache.catalina.startup.VersionLoggerListener.log Server version name:   Apache Tomcat/9.0.91
15-Jul-2024 14:39:04.232 INFO [main] org.apache.catalina.startup.VersionLoggerListener.log Server built:          Jul 2 2024 12:35:51 UTC
15-Jul-2024 14:39:04.232 INFO [main] org.apache.catalina.startup.VersionLoggerListener.log Server version number: 9.0.91.0
15-Jul-2024 14:39:04.232 INFO [main] org.apache.catalina.startup.VersionLoggerListener.log OS Name:               Mac OS X
15-Jul-2024 14:39:04.232 INFO [main] org.apache.catalina.startup.VersionLoggerListener.log OS Version:            14.5
15-Jul-2024 14:39:04.232 INFO [main] org.apache.catalina.startup.VersionLoggerListener.log Architecture:          aarch64
15-Jul-2024 14:39:04.232 INFO [main] org.apache.catalina.startup.VersionLoggerListener.log Java Home:             /Users/nashid/.sdkman/candidates/java/17.0.11.fx-zulu/zulu-17.jdk/Contents/Home
15-Jul-2024 14:39:04.232 INFO [main] org.apache.catalina.startup.VersionLoggerListener.log JVM Version:           17.0.11+9-LTS
15-Jul-2024 14:39:04.232 INFO [main] org.apache.catalina.startup.VersionLoggerListener.log JVM Vendor:            Azul Systems, Inc.
15-Jul-2024 14:39:04.232 INFO [main] org.apache.catalina.startup.VersionLoggerListener.log CATALINA_BASE:         /Users/nashid/repos/apache/apache-tomcat-9.0.91
15-Jul-2024 14:39:04.232 INFO [main] org.apache.catalina.startup.VersionLoggerListener.log CATALINA_HOME:         /Users/nashid/repos/apache/apache-tomcat-9.0.91
15-Jul-2024 14:39:04.236 INFO [main] org.apache.catalina.startup.VersionLoggerListener.log Command line argument: --add-opens=java.base/java.lang=ALL-UNNAMED
15-Jul-2024 14:39:04.236 INFO [main] org.apache.catalina.startup.VersionLoggerListener.log Command line argument: --add-opens=java.base/java.io=ALL-UNNAMED
15-Jul-2024 14:39:04.237 INFO [main] org.apache.catalina.startup.VersionLoggerListener.log Command line argument: --add-opens=java.base/java.util=ALL-UNNAMED
15-Jul-2024 14:39:04.237 INFO [main] org.apache.catalina.startup.VersionLoggerListener.log Command line argument: --add-opens=java.base/java.util.concurrent=ALL-UNNAMED
15-Jul-2024 14:39:04.237 INFO [main] org.apache.catalina.startup.VersionLoggerListener.log Command line argument: --add-opens=java.rmi/sun.rmi.transport=ALL-UNNAMED
15-Jul-2024 14:39:04.237 INFO [main] org.apache.catalina.startup.VersionLoggerListener.log Command line argument: -Djava.util.logging.config.file=/Users/nashid/repos/apache/apache-tomcat-9.0.91/conf/logging.properties
15-Jul-2024 14:39:04.237 INFO [main] org.apache.catalina.startup.VersionLoggerListener.log Command line argument: -Djava.util.logging.manager=org.apache.juli.ClassLoaderLogManager
15-Jul-2024 14:39:04.237 INFO [main] org.apache.catalina.startup.VersionLoggerListener.log Command line argument: -Djava.io.tmpdir=/Users/nashid/repos/apache/apache-tomcat-9.0.91/temp
15-Jul-2024 14:39:04.237 INFO [main] org.apache.catalina.startup.VersionLoggerListener.log Command line argument: -Djdk.tls.ephemeralDHKeySize=2048
15-Jul-2024 14:39:04.237 INFO [main] org.apache.catalina.startup.VersionLoggerListener.log Command line argument: -Djava.protocol.handler.pkgs=org.apache.catalina.webresources
15-Jul-2024 14:39:04.237 INFO [main] org.apache.catalina.startup.VersionLoggerListener.log Command line argument: -Dorg.apache.catalina.security.SecurityListener.UMASK=0027
15-Jul-2024 14:39:04.237 INFO [main] org.apache.catalina.startup.VersionLoggerListener.log Command line argument: -Dignore.endorsed.dirs=
15-Jul-2024 14:39:04.237 INFO [main] org.apache.catalina.startup.VersionLoggerListener.log Command line argument: -Dcatalina.base=/Users/nashid/repos/apache/apache-tomcat-9.0.91
15-Jul-2024 14:39:04.237 INFO [main] org.apache.catalina.startup.VersionLoggerListener.log Command line argument: -Dcatalina.home=/Users/nashid/repos/apache/apache-tomcat-9.0.91
15-Jul-2024 14:39:04.237 INFO [main] org.apache.catalina.startup.VersionLoggerListener.log Command line argument: -Djava.io.tmpdir=/Users/nashid/repos/apache/apache-tomcat-9.0.91/temp
15-Jul-2024 14:39:04.240 INFO [main] org.apache.catalina.core.AprLifecycleListener.lifecycleEvent The Apache Tomcat Native library which allows using OpenSSL was not found on the java.library.path: [/Users/nashid/Library/Java/Extensions:/Library/Java/Extensions:/Network/Library/Java/Extensions:/System/Library/Java/Extensions:/usr/lib/java:.]
15-Jul-2024 14:39:04.341 INFO [main] org.apache.coyote.AbstractProtocol.init Initializing ProtocolHandler ["http-nio-8080"]
15-Jul-2024 14:39:04.353 INFO [main] org.apache.catalina.startup.Catalina.load Server initialization in [186] milliseconds
15-Jul-2024 14:39:04.366 INFO [main] org.apache.catalina.core.StandardService.startInternal Starting service [Catalina]
15-Jul-2024 14:39:04.366 INFO [main] org.apache.catalina.core.StandardEngine.startInternal Starting Servlet engine: [Apache Tomcat/9.0.91]
15-Jul-2024 14:39:04.369 INFO [main] org.apache.catalina.startup.HostConfig.deployDescriptor Deploying deployment descriptor [/Users/nashid/repos/apache/apache-tomcat-9.0.91/conf/Catalina/localhost/parabank.xml]
15-Jul-2024 14:39:04.373 WARNING [main] org.apache.catalina.startup.HostConfig.deployDescriptor The path attribute with value [/parabank] in deployment descriptor [/Users/nashid/repos/apache/apache-tomcat-9.0.91/conf/Catalina/localhost/parabank.xml] has been ignored
15-Jul-2024 14:39:04.375 WARNING [main] org.apache.catalina.startup.HostConfig.deployDescriptor A docBase [/Users/nashid/repos/apache/apache-tomcat-9.0.91/webapps/parabank] inside the host appBase has been specified, and will be ignored
15-Jul-2024 14:39:04.524 WARNING [main] org.apache.tomcat.util.descriptor.web.WebXml.setVersion Unknown version string [5.0]. Default version will be used.
15-Jul-2024 14:39:04.531 WARNING [main] org.apache.tomcat.util.descriptor.web.WebXml.setVersion Unknown version string [5.0]. Default version will be used.
15-Jul-2024 14:39:06.066 INFO [main] org.apache.jasper.servlet.TldScanner.scanJars At least one JAR was scanned for TLDs yet contained no TLDs. Enable debug logging for this logger for a complete list of JARs that were scanned but no TLDs were found in them. Skipping unneeded JARs during scanning can improve startup time and JSP compilation time.
15-Jul-2024 14:39:06.070 SEVERE [main] org.apache.catalina.core.StandardContext.startInternal One or more listeners failed to start. Full details will be found in the appropriate container log file
15-Jul-2024 14:39:06.074 SEVERE [main] org.apache.catalina.core.StandardContext.startInternal Context [/parabank] startup failed due to previous errors
15-Jul-2024 14:39:06.101 INFO [main] org.apache.catalina.startup.HostConfig.deployDescriptor Deployment of deployment descriptor [/Users/nashid/repos/apache/apache-tomcat-9.0.91/conf/Catalina/localhost/parabank.xml] has finished in [1,732] ms
15-Jul-2024 14:39:06.102 INFO [main] org.apache.catalina.startup.HostConfig.deployDirectory Deploying web application directory [/Users/nashid/repos/apache/apache-tomcat-9.0.91/webapps/docs]
15-Jul-2024 14:39:06.113 INFO [main] org.apache.catalina.startup.HostConfig.deployDirectory Deployment of web application directory [/Users/nashid/repos/apache/apache-tomcat-9.0.91/webapps/docs] has finished in [11] ms
15-Jul-2024 14:39:06.113 INFO [main] org.apache.catalina.startup.HostConfig.deployDirectory Deploying web application directory [/Users/nashid/repos/apache/apache-tomcat-9.0.91/webapps/manager]
15-Jul-2024 14:39:06.133 INFO [main] org.apache.catalina.startup.HostConfig.deployDirectory Deployment of web application directory [/Users/nashid/repos/apache/apache-tomcat-9.0.91/webapps/manager] has finished in [20] ms
15-Jul-2024 14:39:06.133 INFO [main] org.apache.catalina.startup.HostConfig.deployDirectory Deploying web application directory [/Users/nashid/repos/apache/apache-tomcat-9.0.91/webapps/examples]
15-Jul-2024 14:39:06.218 INFO [main] org.apache.catalina.startup.HostConfig.deployDirectory Deployment of web application directory [/Users/nashid/repos/apache/apache-tomcat-9.0.91/webapps/examples] has finished in [85] ms
15-Jul-2024 14:39:06.218 INFO [main] org.apache.catalina.startup.HostConfig.deployDirectory Deploying web application directory [/Users/nashid/repos/apache/apache-tomcat-9.0.91/webapps/ROOT]
15-Jul-2024 14:39:06.224 INFO [main] org.apache.catalina.startup.HostConfig.deployDirectory Deployment of web application directory [/Users/nashid/repos/apache/apache-tomcat-9.0.91/webapps/ROOT] has finished in [6] ms
15-Jul-2024 14:39:06.225 INFO [main] org.apache.catalina.startup.HostConfig.deployDirectory Deploying web application directory [/Users/nashid/repos/apache/apache-tomcat-9.0.91/webapps/host-manager]
15-Jul-2024 14:39:06.230 INFO [main] org.apache.catalina.startup.HostConfig.deployDirectory Deployment of web application directory [/Users/nashid/repos/apache/apache-tomcat-9.0.91/webapps/host-manager] has finished in [5] ms
15-Jul-2024 14:39:06.231 INFO [main] org.apache.coyote.AbstractProtocol.start Starting ProtocolHandler ["http-nio-8080"]
15-Jul-2024 14:39:06.234 INFO [main] org.apache.catalina.startup.Catalina.start Server startup in [1881] milliseconds
15-Jul-2024 14:39:10.897 SEVERE [http-nio-8080-exec-1] org.apache.catalina.startup.ExpandWar.copy Error copying [/Users/nashid/repos/apache/apache-tomcat-9.0.91/temp/0-parabank] to [/Users/nashid/repos/apache/apache-tomcat-9.0.91/temp/3-parabank]
	java.io.FileNotFoundException: /Users/nashid/repos/apache/apache-tomcat-9.0.91/temp/0-parabank (No such file or directory)
		at java.base/java.io.FileInputStream.open0(Native Method)
		at java.base/java.io.FileInputStream.open(FileInputStream.java:216)
		at java.base/java.io.FileInputStream.<init>(FileInputStream.java:157)
		at org.apache.catalina.startup.ExpandWar.copy(ExpandWar.java:254)
		at org.apache.catalina.startup.ContextConfig.antiLocking(ContextConfig.java:902)
		at org.apache.catalina.startup.ContextConfig.beforeStart(ContextConfig.java:942)
		at org.apache.catalina.startup.ContextConfig.lifecycleEvent(ContextConfig.java:292)
		at org.apache.catalina.util.LifecycleBase.fireLifecycleEvent(LifecycleBase.java:109)
		at org.apache.catalina.util.LifecycleBase.setStateInternal(LifecycleBase.java:385)
		at org.apache.catalina.util.LifecycleBase.start(LifecycleBase.java:163)
		at org.apache.catalina.manager.ManagerServlet.start(ManagerServlet.java:1303)
		at org.apache.catalina.manager.HTMLManagerServlet.start(HTMLManagerServlet.java:642)
		at org.apache.catalina.manager.HTMLManagerServlet.doPost(HTMLManagerServlet.java:188)
		at javax.servlet.http.HttpServlet.service(HttpServlet.java:555)
		at javax.servlet.http.HttpServlet.service(HttpServlet.java:623)
		at org.apache.catalina.core.ApplicationFilterChain.internalDoFilter(ApplicationFilterChain.java:199)
		at org.apache.catalina.core.ApplicationFilterChain.doFilter(ApplicationFilterChain.java:144)
		at org.apache.catalina.filters.CsrfPreventionFilter.doFilter(CsrfPreventionFilter.java:428)
		at org.apache.catalina.core.ApplicationFilterChain.internalDoFilter(ApplicationFilterChain.java:168)
		at org.apache.catalina.core.ApplicationFilterChain.doFilter(ApplicationFilterChain.java:144)
		at org.apache.tomcat.websocket.server.WsFilter.doFilter(WsFilter.java:51)
		at org.apache.catalina.core.ApplicationFilterChain.internalDoFilter(ApplicationFilterChain.java:168)
		at org.apache.catalina.core.ApplicationFilterChain.doFilter(ApplicationFilterChain.java:144)
		at org.apache.catalina.filters.HttpHeaderSecurityFilter.doFilter(HttpHeaderSecurityFilter.java:129)
		at org.apache.catalina.core.ApplicationFilterChain.internalDoFilter(ApplicationFilterChain.java:168)
		at org.apache.catalina.core.ApplicationFilterChain.doFilter(ApplicationFilterChain.java:144)
		at org.apache.catalina.core.StandardWrapperValve.invoke(StandardWrapperValve.java:168)
		at org.apache.catalina.core.StandardContextValve.invoke(StandardContextValve.java:90)
		at org.apache.catalina.authenticator.AuthenticatorBase.invoke(AuthenticatorBase.java:597)
		at org.apache.catalina.valves.RequestFilterValve.process(RequestFilterValve.java:355)
		at org.apache.catalina.valves.RemoteAddrValve.invoke(RemoteAddrValve.java:54)
		at org.apache.catalina.core.StandardHostValve.invoke(StandardHostValve.java:130)
		at org.apache.catalina.valves.ErrorReportValve.invoke(ErrorReportValve.java:93)
		at org.apache.catalina.valves.AbstractAccessLogValve.invoke(AbstractAccessLogValve.java:660)
		at org.apache.catalina.core.StandardEngineValve.invoke(StandardEngineValve.java:74)
		at org.apache.catalina.connector.CoyoteAdapter.service(CoyoteAdapter.java:346)
		at org.apache.coyote.http11.Http11Processor.service(Http11Processor.java:388)
		at org.apache.coyote.AbstractProcessorLight.process(AbstractProcessorLight.java:63)
		at org.apache.coyote.AbstractProtocol$ConnectionHandler.process(AbstractProtocol.java:936)
		at org.apache.tomcat.util.net.NioEndpoint$SocketProcessor.doRun(NioEndpoint.java:1791)
		at org.apache.tomcat.util.net.SocketProcessorBase.run(SocketProcessorBase.java:52)
		at org.apache.tomcat.util.threads.ThreadPoolExecutor.runWorker(ThreadPoolExecutor.java:1190)
		at org.apache.tomcat.util.threads.ThreadPoolExecutor$Worker.run(ThreadPoolExecutor.java:659)
		at org.apache.tomcat.util.threads.TaskThread$WrappingRunnable.run(TaskThread.java:63)
		at java.base/java.lang.Thread.run(Thread.java:840)
15-Jul-2024 14:39:27.249 INFO [http-nio-8080-exec-2] org.apache.catalina.util.LifecycleBase.stop The stop() method was called on component [WebappLoader[StandardEngine[Catalina].StandardHost[localhost].StandardContext[/parabank]]] after stop() had already been called. The second call will be ignored.
15-Jul-2024 14:39:27.250 INFO [http-nio-8080-exec-2] org.apache.catalina.util.LifecycleBase.destroy The destroy() method was called on component [org.apache.catalina.webresources.DirResourceSet@255e7c57] after destroy() had already been called. The second call will be ignored.
15-Jul-2024 14:39:27.252 SEVERE [http-nio-8080-exec-2] org.apache.catalina.startup.ExpandWar.copy Error copying [/Users/nashid/repos/apache/apache-tomcat-9.0.91/temp/0-parabank] to [/Users/nashid/repos/apache/apache-tomcat-9.0.91/temp/4-parabank]
	java.io.FileNotFoundException: /Users/nashid/repos/apache/apache-tomcat-9.0.91/temp/0-parabank (No such file or directory)
		at java.base/java.io.FileInputStream.open0(Native Method)
		at java.base/java.io.FileInputStream.open(FileInputStream.java:216)
		at java.base/java.io.FileInputStream.<init>(FileInputStream.java:157)
		at org.apache.catalina.startup.ExpandWar.copy(ExpandWar.java:254)
		at org.apache.catalina.startup.ContextConfig.antiLocking(ContextConfig.java:902)
		at org.apache.catalina.startup.ContextConfig.beforeStart(ContextConfig.java:942)
		at org.apache.catalina.startup.ContextConfig.lifecycleEvent(ContextConfig.java:292)
		at org.apache.catalina.util.LifecycleBase.fireLifecycleEvent(LifecycleBase.java:109)
		at org.apache.catalina.util.LifecycleBase.setStateInternal(LifecycleBase.java:385)
		at org.apache.catalina.util.LifecycleBase.start(LifecycleBase.java:163)
		at org.apache.catalina.manager.ManagerServlet.start(ManagerServlet.java:1303)
		at org.apache.catalina.manager.HTMLManagerServlet.start(HTMLManagerServlet.java:642)
		at org.apache.catalina.manager.HTMLManagerServlet.doPost(HTMLManagerServlet.java:188)
		at javax.servlet.http.HttpServlet.service(HttpServlet.java:555)
		at javax.servlet.http.HttpServlet.service(HttpServlet.java:623)
		at org.apache.catalina.core.ApplicationFilterChain.internalDoFilter(ApplicationFilterChain.java:199)
		at org.apache.catalina.core.ApplicationFilterChain.doFilter(ApplicationFilterChain.java:144)
		at org.apache.catalina.filters.CsrfPreventionFilter.doFilter(CsrfPreventionFilter.java:428)
		at org.apache.catalina.core.ApplicationFilterChain.internalDoFilter(ApplicationFilterChain.java:168)
		at org.apache.catalina.core.ApplicationFilterChain.doFilter(ApplicationFilterChain.java:144)
		at org.apache.tomcat.websocket.server.WsFilter.doFilter(WsFilter.java:51)
		at org.apache.catalina.core.ApplicationFilterChain.internalDoFilter(ApplicationFilterChain.java:168)
		at org.apache.catalina.core.ApplicationFilterChain.doFilter(ApplicationFilterChain.java:144)
		at org.apache.catalina.filters.HttpHeaderSecurityFilter.doFilter(HttpHeaderSecurityFilter.java:129)
		at org.apache.catalina.core.ApplicationFilterChain.internalDoFilter(ApplicationFilterChain.java:168)
		at org.apache.catalina.core.ApplicationFilterChain.doFilter(ApplicationFilterChain.java:144)
		at org.apache.catalina.core.StandardWrapperValve.invoke(StandardWrapperValve.java:168)
		at org.apache.catalina.core.StandardContextValve.invoke(StandardContextValve.java:90)
		at org.apache.catalina.authenticator.AuthenticatorBase.invoke(AuthenticatorBase.java:597)
		at org.apache.catalina.valves.RequestFilterValve.process(RequestFilterValve.java:355)
		at org.apache.catalina.valves.RemoteAddrValve.invoke(RemoteAddrValve.java:54)
		at org.apache.catalina.core.StandardHostValve.invoke(StandardHostValve.java:130)
		at org.apache.catalina.valves.ErrorReportValve.invoke(ErrorReportValve.java:93)
		at org.apache.catalina.valves.AbstractAccessLogValve.invoke(AbstractAccessLogValve.java:660)
		at org.apache.catalina.core.StandardEngineValve.invoke(StandardEngineValve.java:74)
		at org.apache.catalina.connector.CoyoteAdapter.service(CoyoteAdapter.java:346)
		at org.apache.coyote.http11.Http11Processor.service(Http11Processor.java:388)
		at org.apache.coyote.AbstractProcessorLight.process(AbstractProcessorLight.java:63)
		at org.apache.coyote.AbstractProtocol$ConnectionHandler.process(AbstractProtocol.java:936)
		at org.apache.tomcat.util.net.NioEndpoint$SocketProcessor.doRun(NioEndpoint.java:1791)
		at org.apache.tomcat.util.net.SocketProcessorBase.run(SocketProcessorBase.java:52)
		at org.apache.tomcat.util.threads.ThreadPoolExecutor.runWorker(ThreadPoolExecutor.java:1190)
		at org.apache.tomcat.util.threads.ThreadPoolExecutor$Worker.run(ThreadPoolExecutor.java:659)
		at org.apache.tomcat.util.threads.TaskThread$WrappingRunnable.run(TaskThread.java:63)
		at java.base/java.lang.Thread.run(Thread.java:840)
15-Jul-2024 14:40:09.181 INFO [main] org.apache.catalina.core.StandardServer.await A valid shutdown command was received via the shutdown port. Stopping the Server instance.
15-Jul-2024 14:40:09.181 INFO [main] org.apache.coyote.AbstractProtocol.pause Pausing ProtocolHandler ["http-nio-8080"]
15-Jul-2024 14:40:10.184 INFO [main] org.apache.catalina.core.StandardService.stopInternal Stopping service [Catalina]
15-Jul-2024 14:40:10.234 INFO [main] org.apache.coyote.AbstractProtocol.stop Stopping ProtocolHandler ["http-nio-8080"]
15-Jul-2024 14:40:10.840 WARNING [main] org.apache.tomcat.util.net.Acceptor.stopMillis The acceptor thread [http-nio-8080-Acceptor] did not stop cleanly
15-Jul-2024 14:40:10.846 INFO [main] org.apache.coyote.AbstractProtocol.destroy Destroying ProtocolHandler ["http-nio-8080"]
15-Jul-2024 14:40:10.848 INFO [main] org.apache.catalina.util.LifecycleBase.stop The stop() method was called on component [WebappLoader[StandardEngine[Catalina].StandardHost[localhost].StandardContext[/parabank]]] after stop() had already been called. The second call will be ignored.
15-Jul-2024 14:40:10.848 INFO [main] org.apache.catalina.util.LifecycleBase.destroy The destroy() method was called on component [org.apache.catalina.webresources.DirResourceSet@255e7c57] after destroy() had already been called. The second call will be ignored.
NOTE: Picked up JDK_JAVA_OPTIONS:  --add-opens=java.base/java.lang=ALL-UNNAMED --add-opens=java.base/java.io=ALL-UNNAMED --add-opens=java.base/java.util=ALL-UNNAMED --add-opens=java.base/java.util.concurrent=ALL-UNNAMED --add-opens=java.rmi/sun.rmi.transport=ALL-UNNAMED
15-Jul-2024 14:41:50.742 INFO [main] org.apache.catalina.startup.VersionLoggerListener.log Server version name:   Apache Tomcat/9.0.91
15-Jul-2024 14:41:50.744 INFO [main] org.apache.catalina.startup.VersionLoggerListener.log Server built:          Jul 2 2024 12:35:51 UTC
15-Jul-2024 14:41:50.744 INFO [main] org.apache.catalina.startup.VersionLoggerListener.log Server version number: 9.0.91.0
15-Jul-2024 14:41:50.744 INFO [main] org.apache.catalina.startup.VersionLoggerListener.log OS Name:               Mac OS X
15-Jul-2024 14:41:50.744 INFO [main] org.apache.catalina.startup.VersionLoggerListener.log OS Version:            14.5
15-Jul-2024 14:41:50.744 INFO [main] org.apache.catalina.startup.VersionLoggerListener.log Architecture:          aarch64
15-Jul-2024 14:41:50.744 INFO [main] org.apache.catalina.startup.VersionLoggerListener.log Java Home:             /Users/nashid/.sdkman/candidates/java/17.0.11.fx-zulu/zulu-17.jdk/Contents/Home
15-Jul-2024 14:41:50.744 INFO [main] org.apache.catalina.startup.VersionLoggerListener.log JVM Version:           17.0.11+9-LTS
15-Jul-2024 14:41:50.744 INFO [main] org.apache.catalina.startup.VersionLoggerListener.log JVM Vendor:            Azul Systems, Inc.
15-Jul-2024 14:41:50.744 INFO [main] org.apache.catalina.startup.VersionLoggerListener.log CATALINA_BASE:         /Users/nashid/repos/apache/apache-tomcat-9.0.91
15-Jul-2024 14:41:50.744 INFO [main] org.apache.catalina.startup.VersionLoggerListener.log CATALINA_HOME:         /Users/nashid/repos/apache/apache-tomcat-9.0.91
15-Jul-2024 14:41:50.748 INFO [main] org.apache.catalina.startup.VersionLoggerListener.log Command line argument: --add-opens=java.base/java.lang=ALL-UNNAMED
15-Jul-2024 14:41:50.748 INFO [main] org.apache.catalina.startup.VersionLoggerListener.log Command line argument: --add-opens=java.base/java.io=ALL-UNNAMED
15-Jul-2024 14:41:50.748 INFO [main] org.apache.catalina.startup.VersionLoggerListener.log Command line argument: --add-opens=java.base/java.util=ALL-UNNAMED
15-Jul-2024 14:41:50.748 INFO [main] org.apache.catalina.startup.VersionLoggerListener.log Command line argument: --add-opens=java.base/java.util.concurrent=ALL-UNNAMED
15-Jul-2024 14:41:50.748 INFO [main] org.apache.catalina.startup.VersionLoggerListener.log Command line argument: --add-opens=java.rmi/sun.rmi.transport=ALL-UNNAMED
15-Jul-2024 14:41:50.748 INFO [main] org.apache.catalina.startup.VersionLoggerListener.log Command line argument: -Djava.util.logging.config.file=/Users/nashid/repos/apache/apache-tomcat-9.0.91/conf/logging.properties
15-Jul-2024 14:41:50.748 INFO [main] org.apache.catalina.startup.VersionLoggerListener.log Command line argument: -Djava.util.logging.manager=org.apache.juli.ClassLoaderLogManager
15-Jul-2024 14:41:50.749 INFO [main] org.apache.catalina.startup.VersionLoggerListener.log Command line argument: -Djava.io.tmpdir=/Users/nashid/repos/apache/apache-tomcat-9.0.91/temp
15-Jul-2024 14:41:50.749 INFO [main] org.apache.catalina.startup.VersionLoggerListener.log Command line argument: -Djdk.tls.ephemeralDHKeySize=2048
15-Jul-2024 14:41:50.749 INFO [main] org.apache.catalina.startup.VersionLoggerListener.log Command line argument: -Djava.protocol.handler.pkgs=org.apache.catalina.webresources
15-Jul-2024 14:41:50.749 INFO [main] org.apache.catalina.startup.VersionLoggerListener.log Command line argument: -Dorg.apache.catalina.security.SecurityListener.UMASK=0027
15-Jul-2024 14:41:50.749 INFO [main] org.apache.catalina.startup.VersionLoggerListener.log Command line argument: -Dignore.endorsed.dirs=
15-Jul-2024 14:41:50.749 INFO [main] org.apache.catalina.startup.VersionLoggerListener.log Command line argument: -Dcatalina.base=/Users/nashid/repos/apache/apache-tomcat-9.0.91
15-Jul-2024 14:41:50.749 INFO [main] org.apache.catalina.startup.VersionLoggerListener.log Command line argument: -Dcatalina.home=/Users/nashid/repos/apache/apache-tomcat-9.0.91
15-Jul-2024 14:41:50.749 INFO [main] org.apache.catalina.startup.VersionLoggerListener.log Command line argument: -Djava.io.tmpdir=/Users/nashid/repos/apache/apache-tomcat-9.0.91/temp
15-Jul-2024 14:41:50.752 INFO [main] org.apache.catalina.core.AprLifecycleListener.lifecycleEvent The Apache Tomcat Native library which allows using OpenSSL was not found on the java.library.path: [/Users/nashid/Library/Java/Extensions:/Library/Java/Extensions:/Network/Library/Java/Extensions:/System/Library/Java/Extensions:/usr/lib/java:.]
15-Jul-2024 14:41:50.850 INFO [main] org.apache.coyote.AbstractProtocol.init Initializing ProtocolHandler ["http-nio-8080"]
15-Jul-2024 14:41:50.862 INFO [main] org.apache.catalina.startup.Catalina.load Server initialization in [184] milliseconds
15-Jul-2024 14:41:50.876 INFO [main] org.apache.catalina.core.StandardService.startInternal Starting service [Catalina]
15-Jul-2024 14:41:50.876 INFO [main] org.apache.catalina.core.StandardEngine.startInternal Starting Servlet engine: [Apache Tomcat/9.0.91]
15-Jul-2024 14:41:50.878 INFO [main] org.apache.catalina.startup.HostConfig.deployDescriptor Deploying deployment descriptor [/Users/nashid/repos/apache/apache-tomcat-9.0.91/conf/Catalina/localhost/parabank.xml]
15-Jul-2024 14:41:50.883 WARNING [main] org.apache.catalina.startup.HostConfig.deployDescriptor The path attribute with value [/parabank] in deployment descriptor [/Users/nashid/repos/apache/apache-tomcat-9.0.91/conf/Catalina/localhost/parabank.xml] has been ignored
15-Jul-2024 14:41:50.884 WARNING [main] org.apache.catalina.startup.HostConfig.deployDescriptor A docBase [/Users/nashid/repos/apache/apache-tomcat-9.0.91/webapps/parabank] inside the host appBase has been specified, and will be ignored
15-Jul-2024 14:41:51.377 WARNING [main] org.apache.tomcat.util.descriptor.web.WebXml.setVersion Unknown version string [5.0]. Default version will be used.
15-Jul-2024 14:41:51.383 WARNING [main] org.apache.tomcat.util.descriptor.web.WebXml.setVersion Unknown version string [5.0]. Default version will be used.
15-Jul-2024 14:41:52.944 INFO [main] org.apache.jasper.servlet.TldScanner.scanJars At least one JAR was scanned for TLDs yet contained no TLDs. Enable debug logging for this logger for a complete list of JARs that were scanned but no TLDs were found in them. Skipping unneeded JARs during scanning can improve startup time and JSP compilation time.
15-Jul-2024 14:41:52.948 SEVERE [main] org.apache.catalina.core.StandardContext.startInternal One or more listeners failed to start. Full details will be found in the appropriate container log file
15-Jul-2024 14:41:52.952 SEVERE [main] org.apache.catalina.core.StandardContext.startInternal Context [/parabank] startup failed due to previous errors
15-Jul-2024 14:41:52.983 INFO [main] org.apache.catalina.startup.HostConfig.deployDescriptor Deployment of deployment descriptor [/Users/nashid/repos/apache/apache-tomcat-9.0.91/conf/Catalina/localhost/parabank.xml] has finished in [2,105] ms
15-Jul-2024 14:41:52.983 INFO [main] org.apache.catalina.startup.HostConfig.deployDirectory Deploying web application directory [/Users/nashid/repos/apache/apache-tomcat-9.0.91/webapps/docs]
15-Jul-2024 14:41:52.997 INFO [main] org.apache.catalina.startup.HostConfig.deployDirectory Deployment of web application directory [/Users/nashid/repos/apache/apache-tomcat-9.0.91/webapps/docs] has finished in [14] ms
15-Jul-2024 14:41:52.997 INFO [main] org.apache.catalina.startup.HostConfig.deployDirectory Deploying web application directory [/Users/nashid/repos/apache/apache-tomcat-9.0.91/webapps/manager]
15-Jul-2024 14:41:53.025 INFO [main] org.apache.catalina.startup.HostConfig.deployDirectory Deployment of web application directory [/Users/nashid/repos/apache/apache-tomcat-9.0.91/webapps/manager] has finished in [28] ms
15-Jul-2024 14:41:53.025 INFO [main] org.apache.catalina.startup.HostConfig.deployDirectory Deploying web application directory [/Users/nashid/repos/apache/apache-tomcat-9.0.91/webapps/examples]
15-Jul-2024 14:41:53.112 INFO [main] org.apache.catalina.startup.HostConfig.deployDirectory Deployment of web application directory [/Users/nashid/repos/apache/apache-tomcat-9.0.91/webapps/examples] has finished in [87] ms
15-Jul-2024 14:41:53.112 INFO [main] org.apache.catalina.startup.HostConfig.deployDirectory Deploying web application directory [/Users/nashid/repos/apache/apache-tomcat-9.0.91/webapps/ROOT]
15-Jul-2024 14:41:53.119 INFO [main] org.apache.catalina.startup.HostConfig.deployDirectory Deployment of web application directory [/Users/nashid/repos/apache/apache-tomcat-9.0.91/webapps/ROOT] has finished in [7] ms
15-Jul-2024 14:41:53.119 INFO [main] org.apache.catalina.startup.HostConfig.deployDirectory Deploying web application directory [/Users/nashid/repos/apache/apache-tomcat-9.0.91/webapps/host-manager]
15-Jul-2024 14:41:53.125 INFO [main] org.apache.catalina.startup.HostConfig.deployDirectory Deployment of web application directory [/Users/nashid/repos/apache/apache-tomcat-9.0.91/webapps/host-manager] has finished in [6] ms
15-Jul-2024 14:41:53.126 INFO [main] org.apache.coyote.AbstractProtocol.start Starting ProtocolHandler ["http-nio-8080"]
15-Jul-2024 14:41:53.130 INFO [main] org.apache.catalina.startup.Catalina.start Server startup in [2267] milliseconds
15-Jul-2024 14:42:06.731 SEVERE [http-nio-8080-exec-1] org.apache.catalina.startup.ExpandWar.copy Error copying [/Users/nashid/repos/apache/apache-tomcat-9.0.91/temp/0-parabank] to [/Users/nashid/repos/apache/apache-tomcat-9.0.91/temp/3-parabank]
	java.io.FileNotFoundException: /Users/nashid/repos/apache/apache-tomcat-9.0.91/temp/0-parabank (No such file or directory)
		at java.base/java.io.FileInputStream.open0(Native Method)
		at java.base/java.io.FileInputStream.open(FileInputStream.java:216)
		at java.base/java.io.FileInputStream.<init>(FileInputStream.java:157)
		at org.apache.catalina.startup.ExpandWar.copy(ExpandWar.java:254)
		at org.apache.catalina.startup.ContextConfig.antiLocking(ContextConfig.java:902)
		at org.apache.catalina.startup.ContextConfig.beforeStart(ContextConfig.java:942)
		at org.apache.catalina.startup.ContextConfig.lifecycleEvent(ContextConfig.java:292)
		at org.apache.catalina.util.LifecycleBase.fireLifecycleEvent(LifecycleBase.java:109)
		at org.apache.catalina.util.LifecycleBase.setStateInternal(LifecycleBase.java:385)
		at org.apache.catalina.util.LifecycleBase.start(LifecycleBase.java:163)
		at org.apache.catalina.manager.ManagerServlet.start(ManagerServlet.java:1303)
		at org.apache.catalina.manager.HTMLManagerServlet.start(HTMLManagerServlet.java:642)
		at org.apache.catalina.manager.HTMLManagerServlet.doPost(HTMLManagerServlet.java:188)
		at javax.servlet.http.HttpServlet.service(HttpServlet.java:555)
		at javax.servlet.http.HttpServlet.service(HttpServlet.java:623)
		at org.apache.catalina.core.ApplicationFilterChain.internalDoFilter(ApplicationFilterChain.java:199)
		at org.apache.catalina.core.ApplicationFilterChain.doFilter(ApplicationFilterChain.java:144)
		at org.apache.catalina.filters.CsrfPreventionFilter.doFilter(CsrfPreventionFilter.java:428)
		at org.apache.catalina.core.ApplicationFilterChain.internalDoFilter(ApplicationFilterChain.java:168)
		at org.apache.catalina.core.ApplicationFilterChain.doFilter(ApplicationFilterChain.java:144)
		at org.apache.tomcat.websocket.server.WsFilter.doFilter(WsFilter.java:51)
		at org.apache.catalina.core.ApplicationFilterChain.internalDoFilter(ApplicationFilterChain.java:168)
		at org.apache.catalina.core.ApplicationFilterChain.doFilter(ApplicationFilterChain.java:144)
		at org.apache.catalina.filters.HttpHeaderSecurityFilter.doFilter(HttpHeaderSecurityFilter.java:129)
		at org.apache.catalina.core.ApplicationFilterChain.internalDoFilter(ApplicationFilterChain.java:168)
		at org.apache.catalina.core.ApplicationFilterChain.doFilter(ApplicationFilterChain.java:144)
		at org.apache.catalina.core.StandardWrapperValve.invoke(StandardWrapperValve.java:168)
		at org.apache.catalina.core.StandardContextValve.invoke(StandardContextValve.java:90)
		at org.apache.catalina.authenticator.AuthenticatorBase.invoke(AuthenticatorBase.java:597)
		at org.apache.catalina.valves.RequestFilterValve.process(RequestFilterValve.java:355)
		at org.apache.catalina.valves.RemoteAddrValve.invoke(RemoteAddrValve.java:54)
		at org.apache.catalina.core.StandardHostValve.invoke(StandardHostValve.java:130)
		at org.apache.catalina.valves.ErrorReportValve.invoke(ErrorReportValve.java:93)
		at org.apache.catalina.valves.AbstractAccessLogValve.invoke(AbstractAccessLogValve.java:660)
		at org.apache.catalina.core.StandardEngineValve.invoke(StandardEngineValve.java:74)
		at org.apache.catalina.connector.CoyoteAdapter.service(CoyoteAdapter.java:346)
		at org.apache.coyote.http11.Http11Processor.service(Http11Processor.java:388)
		at org.apache.coyote.AbstractProcessorLight.process(AbstractProcessorLight.java:63)
		at org.apache.coyote.AbstractProtocol$ConnectionHandler.process(AbstractProtocol.java:936)
		at org.apache.tomcat.util.net.NioEndpoint$SocketProcessor.doRun(NioEndpoint.java:1791)
		at org.apache.tomcat.util.net.SocketProcessorBase.run(SocketProcessorBase.java:52)
		at org.apache.tomcat.util.threads.ThreadPoolExecutor.runWorker(ThreadPoolExecutor.java:1190)
		at org.apache.tomcat.util.threads.ThreadPoolExecutor$Worker.run(ThreadPoolExecutor.java:659)
		at org.apache.tomcat.util.threads.TaskThread$WrappingRunnable.run(TaskThread.java:63)
		at java.base/java.lang.Thread.run(Thread.java:840)
15-Jul-2024 14:42:08.571 INFO [http-nio-8080-exec-2] org.apache.catalina.util.LifecycleBase.stop The stop() method was called on component [WebappLoader[StandardEngine[Catalina].StandardHost[localhost].StandardContext[/parabank]]] after stop() had already been called. The second call will be ignored.
15-Jul-2024 14:42:08.571 INFO [http-nio-8080-exec-2] org.apache.catalina.util.LifecycleBase.destroy The destroy() method was called on component [org.apache.catalina.webresources.DirResourceSet@5272fe27] after destroy() had already been called. The second call will be ignored.
15-Jul-2024 14:42:08.572 SEVERE [http-nio-8080-exec-2] org.apache.catalina.startup.ExpandWar.copy Error copying [/Users/nashid/repos/apache/apache-tomcat-9.0.91/temp/0-parabank] to [/Users/nashid/repos/apache/apache-tomcat-9.0.91/temp/4-parabank]
	java.io.FileNotFoundException: /Users/nashid/repos/apache/apache-tomcat-9.0.91/temp/0-parabank (No such file or directory)
		at java.base/java.io.FileInputStream.open0(Native Method)
		at java.base/java.io.FileInputStream.open(FileInputStream.java:216)
		at java.base/java.io.FileInputStream.<init>(FileInputStream.java:157)
		at org.apache.catalina.startup.ExpandWar.copy(ExpandWar.java:254)
		at org.apache.catalina.startup.ContextConfig.antiLocking(ContextConfig.java:902)
		at org.apache.catalina.startup.ContextConfig.beforeStart(ContextConfig.java:942)
		at org.apache.catalina.startup.ContextConfig.lifecycleEvent(ContextConfig.java:292)
		at org.apache.catalina.util.LifecycleBase.fireLifecycleEvent(LifecycleBase.java:109)
		at org.apache.catalina.util.LifecycleBase.setStateInternal(LifecycleBase.java:385)
		at org.apache.catalina.util.LifecycleBase.start(LifecycleBase.java:163)
		at org.apache.catalina.manager.ManagerServlet.start(ManagerServlet.java:1303)
		at org.apache.catalina.manager.HTMLManagerServlet.start(HTMLManagerServlet.java:642)
		at org.apache.catalina.manager.HTMLManagerServlet.doPost(HTMLManagerServlet.java:188)
		at javax.servlet.http.HttpServlet.service(HttpServlet.java:555)
		at javax.servlet.http.HttpServlet.service(HttpServlet.java:623)
		at org.apache.catalina.core.ApplicationFilterChain.internalDoFilter(ApplicationFilterChain.java:199)
		at org.apache.catalina.core.ApplicationFilterChain.doFilter(ApplicationFilterChain.java:144)
		at org.apache.catalina.filters.CsrfPreventionFilter.doFilter(CsrfPreventionFilter.java:428)
		at org.apache.catalina.core.ApplicationFilterChain.internalDoFilter(ApplicationFilterChain.java:168)
		at org.apache.catalina.core.ApplicationFilterChain.doFilter(ApplicationFilterChain.java:144)
		at org.apache.tomcat.websocket.server.WsFilter.doFilter(WsFilter.java:51)
		at org.apache.catalina.core.ApplicationFilterChain.internalDoFilter(ApplicationFilterChain.java:168)
		at org.apache.catalina.core.ApplicationFilterChain.doFilter(ApplicationFilterChain.java:144)
		at org.apache.catalina.filters.HttpHeaderSecurityFilter.doFilter(HttpHeaderSecurityFilter.java:129)
		at org.apache.catalina.core.ApplicationFilterChain.internalDoFilter(ApplicationFilterChain.java:168)
		at org.apache.catalina.core.ApplicationFilterChain.doFilter(ApplicationFilterChain.java:144)
		at org.apache.catalina.core.StandardWrapperValve.invoke(StandardWrapperValve.java:168)
		at org.apache.catalina.core.StandardContextValve.invoke(StandardContextValve.java:90)
		at org.apache.catalina.authenticator.AuthenticatorBase.invoke(AuthenticatorBase.java:597)
		at org.apache.catalina.valves.RequestFilterValve.process(RequestFilterValve.java:355)
		at org.apache.catalina.valves.RemoteAddrValve.invoke(RemoteAddrValve.java:54)
		at org.apache.catalina.core.StandardHostValve.invoke(StandardHostValve.java:130)
		at org.apache.catalina.valves.ErrorReportValve.invoke(ErrorReportValve.java:93)
		at org.apache.catalina.valves.AbstractAccessLogValve.invoke(AbstractAccessLogValve.java:660)
		at org.apache.catalina.core.StandardEngineValve.invoke(StandardEngineValve.java:74)
		at org.apache.catalina.connector.CoyoteAdapter.service(CoyoteAdapter.java:346)
		at org.apache.coyote.http11.Http11Processor.service(Http11Processor.java:388)
		at org.apache.coyote.AbstractProcessorLight.process(AbstractProcessorLight.java:63)
		at org.apache.coyote.AbstractProtocol$ConnectionHandler.process(AbstractProtocol.java:936)
		at org.apache.tomcat.util.net.NioEndpoint$SocketProcessor.doRun(NioEndpoint.java:1791)
		at org.apache.tomcat.util.net.SocketProcessorBase.run(SocketProcessorBase.java:52)
		at org.apache.tomcat.util.threads.ThreadPoolExecutor.runWorker(ThreadPoolExecutor.java:1190)
		at org.apache.tomcat.util.threads.ThreadPoolExecutor$Worker.run(ThreadPoolExecutor.java:659)
		at org.apache.tomcat.util.threads.TaskThread$WrappingRunnable.run(TaskThread.java:63)
		at java.base/java.lang.Thread.run(Thread.java:840)
15-Jul-2024 14:42:34.724 INFO [main] org.apache.catalina.core.StandardServer.await A valid shutdown command was received via the shutdown port. Stopping the Server instance.
15-Jul-2024 14:42:34.724 INFO [main] org.apache.coyote.AbstractProtocol.pause Pausing ProtocolHandler ["http-nio-8080"]
15-Jul-2024 14:42:34.726 INFO [main] org.apache.catalina.core.StandardService.stopInternal Stopping service [Catalina]
15-Jul-2024 14:42:34.760 INFO [main] org.apache.coyote.AbstractProtocol.stop Stopping ProtocolHandler ["http-nio-8080"]
15-Jul-2024 14:42:34.763 INFO [main] org.apache.coyote.AbstractProtocol.destroy Destroying ProtocolHandler ["http-nio-8080"]
15-Jul-2024 14:42:34.764 INFO [main] org.apache.catalina.util.LifecycleBase.stop The stop() method was called on component [WebappLoader[StandardEngine[Catalina].StandardHost[localhost].StandardContext[/parabank]]] after stop() had already been called. The second call will be ignored.
15-Jul-2024 14:42:34.764 INFO [main] org.apache.catalina.util.LifecycleBase.destroy The destroy() method was called on component [org.apache.catalina.webresources.DirResourceSet@5272fe27] after destroy() had already been called. The second call will be ignored.
NOTE: Picked up JDK_JAVA_OPTIONS:  --add-opens=java.base/java.lang=ALL-UNNAMED --add-opens=java.base/java.io=ALL-UNNAMED --add-opens=java.base/java.util=ALL-UNNAMED --add-opens=java.base/java.util.concurrent=ALL-UNNAMED --add-opens=java.rmi/sun.rmi.transport=ALL-UNNAMED
15-Jul-2024 14:43:23.627 INFO [main] org.apache.catalina.startup.VersionLoggerListener.log Server version name:   Apache Tomcat/9.0.91
15-Jul-2024 14:43:23.629 INFO [main] org.apache.catalina.startup.VersionLoggerListener.log Server built:          Jul 2 2024 12:35:51 UTC
15-Jul-2024 14:43:23.629 INFO [main] org.apache.catalina.startup.VersionLoggerListener.log Server version number: 9.0.91.0
15-Jul-2024 14:43:23.629 INFO [main] org.apache.catalina.startup.VersionLoggerListener.log OS Name:               Mac OS X
15-Jul-2024 14:43:23.629 INFO [main] org.apache.catalina.startup.VersionLoggerListener.log OS Version:            14.5
15-Jul-2024 14:43:23.629 INFO [main] org.apache.catalina.startup.VersionLoggerListener.log Architecture:          aarch64
15-Jul-2024 14:43:23.629 INFO [main] org.apache.catalina.startup.VersionLoggerListener.log Java Home:             /Users/nashid/.sdkman/candidates/java/17.0.11.fx-zulu/zulu-17.jdk/Contents/Home
15-Jul-2024 14:43:23.629 INFO [main] org.apache.catalina.startup.VersionLoggerListener.log JVM Version:           17.0.11+9-LTS
15-Jul-2024 14:43:23.629 INFO [main] org.apache.catalina.startup.VersionLoggerListener.log JVM Vendor:            Azul Systems, Inc.
15-Jul-2024 14:43:23.629 INFO [main] org.apache.catalina.startup.VersionLoggerListener.log CATALINA_BASE:         /Users/nashid/repos/apache/apache-tomcat-9.0.91
15-Jul-2024 14:43:23.629 INFO [main] org.apache.catalina.startup.VersionLoggerListener.log CATALINA_HOME:         /Users/nashid/repos/apache/apache-tomcat-9.0.91
15-Jul-2024 14:43:23.633 INFO [main] org.apache.catalina.startup.VersionLoggerListener.log Command line argument: --add-opens=java.base/java.lang=ALL-UNNAMED
15-Jul-2024 14:43:23.633 INFO [main] org.apache.catalina.startup.VersionLoggerListener.log Command line argument: --add-opens=java.base/java.io=ALL-UNNAMED
15-Jul-2024 14:43:23.633 INFO [main] org.apache.catalina.startup.VersionLoggerListener.log Command line argument: --add-opens=java.base/java.util=ALL-UNNAMED
15-Jul-2024 14:43:23.634 INFO [main] org.apache.catalina.startup.VersionLoggerListener.log Command line argument: --add-opens=java.base/java.util.concurrent=ALL-UNNAMED
15-Jul-2024 14:43:23.634 INFO [main] org.apache.catalina.startup.VersionLoggerListener.log Command line argument: --add-opens=java.rmi/sun.rmi.transport=ALL-UNNAMED
15-Jul-2024 14:43:23.634 INFO [main] org.apache.catalina.startup.VersionLoggerListener.log Command line argument: -Djava.util.logging.config.file=/Users/nashid/repos/apache/apache-tomcat-9.0.91/conf/logging.properties
15-Jul-2024 14:43:23.634 INFO [main] org.apache.catalina.startup.VersionLoggerListener.log Command line argument: -Djava.util.logging.manager=org.apache.juli.ClassLoaderLogManager
15-Jul-2024 14:43:23.634 INFO [main] org.apache.catalina.startup.VersionLoggerListener.log Command line argument: -Djava.io.tmpdir=/Users/nashid/repos/apache/apache-tomcat-9.0.91/temp
15-Jul-2024 14:43:23.634 INFO [main] org.apache.catalina.startup.VersionLoggerListener.log Command line argument: -Djdk.tls.ephemeralDHKeySize=2048
15-Jul-2024 14:43:23.634 INFO [main] org.apache.catalina.startup.VersionLoggerListener.log Command line argument: -Djava.protocol.handler.pkgs=org.apache.catalina.webresources
15-Jul-2024 14:43:23.634 INFO [main] org.apache.catalina.startup.VersionLoggerListener.log Command line argument: -Dorg.apache.catalina.security.SecurityListener.UMASK=0027
15-Jul-2024 14:43:23.634 INFO [main] org.apache.catalina.startup.VersionLoggerListener.log Command line argument: -Dignore.endorsed.dirs=
15-Jul-2024 14:43:23.634 INFO [main] org.apache.catalina.startup.VersionLoggerListener.log Command line argument: -Dcatalina.base=/Users/nashid/repos/apache/apache-tomcat-9.0.91
15-Jul-2024 14:43:23.634 INFO [main] org.apache.catalina.startup.VersionLoggerListener.log Command line argument: -Dcatalina.home=/Users/nashid/repos/apache/apache-tomcat-9.0.91
15-Jul-2024 14:43:23.634 INFO [main] org.apache.catalina.startup.VersionLoggerListener.log Command line argument: -Djava.io.tmpdir=/Users/nashid/repos/apache/apache-tomcat-9.0.91/temp
15-Jul-2024 14:43:23.637 INFO [main] org.apache.catalina.core.AprLifecycleListener.lifecycleEvent The Apache Tomcat Native library which allows using OpenSSL was not found on the java.library.path: [/Users/nashid/Library/Java/Extensions:/Library/Java/Extensions:/Network/Library/Java/Extensions:/System/Library/Java/Extensions:/usr/lib/java:.]
15-Jul-2024 14:43:23.736 INFO [main] org.apache.coyote.AbstractProtocol.init Initializing ProtocolHandler ["http-nio-8080"]
15-Jul-2024 14:43:23.748 INFO [main] org.apache.catalina.startup.Catalina.load Server initialization in [188] milliseconds
15-Jul-2024 14:43:23.762 INFO [main] org.apache.catalina.core.StandardService.startInternal Starting service [Catalina]
15-Jul-2024 14:43:23.762 INFO [main] org.apache.catalina.core.StandardEngine.startInternal Starting Servlet engine: [Apache Tomcat/9.0.91]
15-Jul-2024 14:43:23.765 INFO [main] org.apache.catalina.startup.HostConfig.deployDescriptor Deploying deployment descriptor [/Users/nashid/repos/apache/apache-tomcat-9.0.91/conf/Catalina/localhost/parabank.xml]
15-Jul-2024 14:43:23.769 WARNING [main] org.apache.catalina.startup.HostConfig.deployDescriptor The path attribute with value [/parabank] in deployment descriptor [/Users/nashid/repos/apache/apache-tomcat-9.0.91/conf/Catalina/localhost/parabank.xml] has been ignored
15-Jul-2024 14:43:23.771 WARNING [main] org.apache.catalina.startup.HostConfig.deployDescriptor A docBase [/Users/nashid/repos/apache/apache-tomcat-9.0.91/webapps/parabank] inside the host appBase has been specified, and will be ignored
15-Jul-2024 14:43:24.065 WARNING [main] org.apache.tomcat.util.descriptor.web.WebXml.setVersion Unknown version string [5.0]. Default version will be used.
15-Jul-2024 14:43:24.071 WARNING [main] org.apache.tomcat.util.descriptor.web.WebXml.setVersion Unknown version string [5.0]. Default version will be used.
15-Jul-2024 14:43:25.642 INFO [main] org.apache.jasper.servlet.TldScanner.scanJars At least one JAR was scanned for TLDs yet contained no TLDs. Enable debug logging for this logger for a complete list of JARs that were scanned but no TLDs were found in them. Skipping unneeded JARs during scanning can improve startup time and JSP compilation time.
15-Jul-2024 14:43:25.646 SEVERE [main] org.apache.catalina.core.StandardContext.startInternal One or more listeners failed to start. Full details will be found in the appropriate container log file
15-Jul-2024 14:43:25.651 SEVERE [main] org.apache.catalina.core.StandardContext.startInternal Context [/parabank] startup failed due to previous errors
15-Jul-2024 14:43:25.683 INFO [main] org.apache.catalina.startup.HostConfig.deployDescriptor Deployment of deployment descriptor [/Users/nashid/repos/apache/apache-tomcat-9.0.91/conf/Catalina/localhost/parabank.xml] has finished in [1,918] ms
15-Jul-2024 14:43:25.684 INFO [main] org.apache.catalina.startup.HostConfig.deployDirectory Deploying web application directory [/Users/nashid/repos/apache/apache-tomcat-9.0.91/webapps/docs]
15-Jul-2024 14:43:25.697 INFO [main] org.apache.catalina.startup.HostConfig.deployDirectory Deployment of web application directory [/Users/nashid/repos/apache/apache-tomcat-9.0.91/webapps/docs] has finished in [13] ms
15-Jul-2024 14:43:25.697 INFO [main] org.apache.catalina.startup.HostConfig.deployDirectory Deploying web application directory [/Users/nashid/repos/apache/apache-tomcat-9.0.91/webapps/manager]
15-Jul-2024 14:43:25.727 INFO [main] org.apache.catalina.startup.HostConfig.deployDirectory Deployment of web application directory [/Users/nashid/repos/apache/apache-tomcat-9.0.91/webapps/manager] has finished in [30] ms
15-Jul-2024 14:43:25.727 INFO [main] org.apache.catalina.startup.HostConfig.deployDirectory Deploying web application directory [/Users/nashid/repos/apache/apache-tomcat-9.0.91/webapps/examples]
15-Jul-2024 14:43:25.856 INFO [main] org.apache.catalina.startup.HostConfig.deployDirectory Deployment of web application directory [/Users/nashid/repos/apache/apache-tomcat-9.0.91/webapps/examples] has finished in [129] ms
15-Jul-2024 14:43:25.856 INFO [main] org.apache.catalina.startup.HostConfig.deployDirectory Deploying web application directory [/Users/nashid/repos/apache/apache-tomcat-9.0.91/webapps/ROOT]
15-Jul-2024 14:43:25.868 INFO [main] org.apache.catalina.startup.HostConfig.deployDirectory Deployment of web application directory [/Users/nashid/repos/apache/apache-tomcat-9.0.91/webapps/ROOT] has finished in [12] ms
15-Jul-2024 14:43:25.868 INFO [main] org.apache.catalina.startup.HostConfig.deployDirectory Deploying web application directory [/Users/nashid/repos/apache/apache-tomcat-9.0.91/webapps/host-manager]
15-Jul-2024 14:43:25.875 INFO [main] org.apache.catalina.startup.HostConfig.deployDirectory Deployment of web application directory [/Users/nashid/repos/apache/apache-tomcat-9.0.91/webapps/host-manager] has finished in [7] ms
15-Jul-2024 14:43:25.876 INFO [main] org.apache.coyote.AbstractProtocol.start Starting ProtocolHandler ["http-nio-8080"]
15-Jul-2024 14:43:25.880 INFO [main] org.apache.catalina.startup.Catalina.start Server startup in [2131] milliseconds
15-Jul-2024 14:45:30.071 INFO [main] org.apache.catalina.core.StandardServer.await A valid shutdown command was received via the shutdown port. Stopping the Server instance.
15-Jul-2024 14:45:30.072 INFO [main] org.apache.coyote.AbstractProtocol.pause Pausing ProtocolHandler ["http-nio-8080"]
15-Jul-2024 14:45:30.074 INFO [main] org.apache.catalina.core.StandardService.stopInternal Stopping service [Catalina]
15-Jul-2024 14:45:30.105 INFO [main] org.apache.coyote.AbstractProtocol.stop Stopping ProtocolHandler ["http-nio-8080"]
15-Jul-2024 14:45:30.111 INFO [main] org.apache.coyote.AbstractProtocol.destroy Destroying ProtocolHandler ["http-nio-8080"]
NOTE: Picked up JDK_JAVA_OPTIONS:  --add-opens=java.base/java.lang=ALL-UNNAMED --add-opens=java.base/java.io=ALL-UNNAMED --add-opens=java.base/java.util=ALL-UNNAMED --add-opens=java.base/java.util.concurrent=ALL-UNNAMED --add-opens=java.rmi/sun.rmi.transport=ALL-UNNAMED
15-Jul-2024 14:47:41.703 INFO [main] org.apache.catalina.startup.VersionLoggerListener.log Server version name:   Apache Tomcat/9.0.91
15-Jul-2024 14:47:41.705 INFO [main] org.apache.catalina.startup.VersionLoggerListener.log Server built:          Jul 2 2024 12:35:51 UTC
15-Jul-2024 14:47:41.705 INFO [main] org.apache.catalina.startup.VersionLoggerListener.log Server version number: 9.0.91.0
15-Jul-2024 14:47:41.705 INFO [main] org.apache.catalina.startup.VersionLoggerListener.log OS Name:               Mac OS X
15-Jul-2024 14:47:41.705 INFO [main] org.apache.catalina.startup.VersionLoggerListener.log OS Version:            14.5
15-Jul-2024 14:47:41.705 INFO [main] org.apache.catalina.startup.VersionLoggerListener.log Architecture:          aarch64
15-Jul-2024 14:47:41.705 INFO [main] org.apache.catalina.startup.VersionLoggerListener.log Java Home:             /Users/nashid/.sdkman/candidates/java/17.0.11.fx-zulu/zulu-17.jdk/Contents/Home
15-Jul-2024 14:47:41.705 INFO [main] org.apache.catalina.startup.VersionLoggerListener.log JVM Version:           17.0.11+9-LTS
15-Jul-2024 14:47:41.705 INFO [main] org.apache.catalina.startup.VersionLoggerListener.log JVM Vendor:            Azul Systems, Inc.
15-Jul-2024 14:47:41.705 INFO [main] org.apache.catalina.startup.VersionLoggerListener.log CATALINA_BASE:         /Users/nashid/repos/apache/apache-tomcat-9.0.91
15-Jul-2024 14:47:41.705 INFO [main] org.apache.catalina.startup.VersionLoggerListener.log CATALINA_HOME:         /Users/nashid/repos/apache/apache-tomcat-9.0.91
15-Jul-2024 14:47:41.710 INFO [main] org.apache.catalina.startup.VersionLoggerListener.log Command line argument: --add-opens=java.base/java.lang=ALL-UNNAMED
15-Jul-2024 14:47:41.710 INFO [main] org.apache.catalina.startup.VersionLoggerListener.log Command line argument: --add-opens=java.base/java.io=ALL-UNNAMED
15-Jul-2024 14:47:41.710 INFO [main] org.apache.catalina.startup.VersionLoggerListener.log Command line argument: --add-opens=java.base/java.util=ALL-UNNAMED
15-Jul-2024 14:47:41.710 INFO [main] org.apache.catalina.startup.VersionLoggerListener.log Command line argument: --add-opens=java.base/java.util.concurrent=ALL-UNNAMED
15-Jul-2024 14:47:41.710 INFO [main] org.apache.catalina.startup.VersionLoggerListener.log Command line argument: --add-opens=java.rmi/sun.rmi.transport=ALL-UNNAMED
15-Jul-2024 14:47:41.710 INFO [main] org.apache.catalina.startup.VersionLoggerListener.log Command line argument: -Djava.util.logging.config.file=/Users/nashid/repos/apache/apache-tomcat-9.0.91/conf/logging.properties
15-Jul-2024 14:47:41.710 INFO [main] org.apache.catalina.startup.VersionLoggerListener.log Command line argument: -Djava.util.logging.manager=org.apache.juli.ClassLoaderLogManager
15-Jul-2024 14:47:41.710 INFO [main] org.apache.catalina.startup.VersionLoggerListener.log Command line argument: -Djava.io.tmpdir=/Users/nashid/repos/apache/apache-tomcat-9.0.91/temp
15-Jul-2024 14:47:41.710 INFO [main] org.apache.catalina.startup.VersionLoggerListener.log Command line argument: -Djdk.tls.ephemeralDHKeySize=2048
15-Jul-2024 14:47:41.710 INFO [main] org.apache.catalina.startup.VersionLoggerListener.log Command line argument: -Djava.protocol.handler.pkgs=org.apache.catalina.webresources
15-Jul-2024 14:47:41.710 INFO [main] org.apache.catalina.startup.VersionLoggerListener.log Command line argument: -Dorg.apache.catalina.security.SecurityListener.UMASK=0027
15-Jul-2024 14:47:41.710 INFO [main] org.apache.catalina.startup.VersionLoggerListener.log Command line argument: -Dignore.endorsed.dirs=
15-Jul-2024 14:47:41.710 INFO [main] org.apache.catalina.startup.VersionLoggerListener.log Command line argument: -Dcatalina.base=/Users/nashid/repos/apache/apache-tomcat-9.0.91
15-Jul-2024 14:47:41.710 INFO [main] org.apache.catalina.startup.VersionLoggerListener.log Command line argument: -Dcatalina.home=/Users/nashid/repos/apache/apache-tomcat-9.0.91
15-Jul-2024 14:47:41.710 INFO [main] org.apache.catalina.startup.VersionLoggerListener.log Command line argument: -Djava.io.tmpdir=/Users/nashid/repos/apache/apache-tomcat-9.0.91/temp
15-Jul-2024 14:47:41.713 INFO [main] org.apache.catalina.core.AprLifecycleListener.lifecycleEvent The Apache Tomcat Native library which allows using OpenSSL was not found on the java.library.path: [/Users/nashid/Library/Java/Extensions:/Library/Java/Extensions:/Network/Library/Java/Extensions:/System/Library/Java/Extensions:/usr/lib/java:.]
15-Jul-2024 14:47:41.814 INFO [main] org.apache.coyote.AbstractProtocol.init Initializing ProtocolHandler ["http-nio-8080"]
15-Jul-2024 14:47:41.825 INFO [main] org.apache.catalina.startup.Catalina.load Server initialization in [186] milliseconds
15-Jul-2024 14:47:41.839 INFO [main] org.apache.catalina.core.StandardService.startInternal Starting service [Catalina]
15-Jul-2024 14:47:41.839 INFO [main] org.apache.catalina.core.StandardEngine.startInternal Starting Servlet engine: [Apache Tomcat/9.0.91]
15-Jul-2024 14:47:41.841 INFO [main] org.apache.catalina.startup.HostConfig.deployDescriptor Deploying deployment descriptor [/Users/nashid/repos/apache/apache-tomcat-9.0.91/conf/Catalina/localhost/parabank.xml]
15-Jul-2024 14:47:41.846 WARNING [main] org.apache.catalina.startup.HostConfig.deployDescriptor The path attribute with value [/parabank] in deployment descriptor [/Users/nashid/repos/apache/apache-tomcat-9.0.91/conf/Catalina/localhost/parabank.xml] has been ignored
15-Jul-2024 14:47:41.847 WARNING [main] org.apache.catalina.startup.HostConfig.deployDescriptor A docBase [/Users/nashid/repos/apache/apache-tomcat-9.0.91/webapps/parabank] inside the host appBase has been specified, and will be ignored
15-Jul-2024 14:47:42.355 WARNING [main] org.apache.tomcat.util.descriptor.web.WebXml.setVersion Unknown version string [5.0]. Default version will be used.
15-Jul-2024 14:47:42.361 WARNING [main] org.apache.tomcat.util.descriptor.web.WebXml.setVersion Unknown version string [5.0]. Default version will be used.
15-Jul-2024 14:47:43.931 INFO [main] org.apache.jasper.servlet.TldScanner.scanJars At least one JAR was scanned for TLDs yet contained no TLDs. Enable debug logging for this logger for a complete list of JARs that were scanned but no TLDs were found in them. Skipping unneeded JARs during scanning can improve startup time and JSP compilation time.
15-Jul-2024 14:47:43.935 SEVERE [main] org.apache.catalina.core.StandardContext.startInternal One or more listeners failed to start. Full details will be found in the appropriate container log file
15-Jul-2024 14:47:43.939 SEVERE [main] org.apache.catalina.core.StandardContext.startInternal Context [/parabank] startup failed due to previous errors
15-Jul-2024 14:47:43.971 INFO [main] org.apache.catalina.startup.HostConfig.deployDescriptor Deployment of deployment descriptor [/Users/nashid/repos/apache/apache-tomcat-9.0.91/conf/Catalina/localhost/parabank.xml] has finished in [2,130] ms
15-Jul-2024 14:47:43.971 INFO [main] org.apache.catalina.startup.HostConfig.deployDirectory Deploying web application directory [/Users/nashid/repos/apache/apache-tomcat-9.0.91/webapps/docs]
15-Jul-2024 14:47:43.984 INFO [main] org.apache.catalina.startup.HostConfig.deployDirectory Deployment of web application directory [/Users/nashid/repos/apache/apache-tomcat-9.0.91/webapps/docs] has finished in [13] ms
15-Jul-2024 14:47:43.984 INFO [main] org.apache.catalina.startup.HostConfig.deployDirectory Deploying web application directory [/Users/nashid/repos/apache/apache-tomcat-9.0.91/webapps/manager]
15-Jul-2024 14:47:44.001 INFO [main] org.apache.catalina.startup.HostConfig.deployDirectory Deployment of web application directory [/Users/nashid/repos/apache/apache-tomcat-9.0.91/webapps/manager] has finished in [17] ms
15-Jul-2024 14:47:44.001 INFO [main] org.apache.catalina.startup.HostConfig.deployDirectory Deploying web application directory [/Users/nashid/repos/apache/apache-tomcat-9.0.91/webapps/examples]
15-Jul-2024 14:47:44.086 INFO [main] org.apache.catalina.startup.HostConfig.deployDirectory Deployment of web application directory [/Users/nashid/repos/apache/apache-tomcat-9.0.91/webapps/examples] has finished in [85] ms
15-Jul-2024 14:47:44.086 INFO [main] org.apache.catalina.startup.HostConfig.deployDirectory Deploying web application directory [/Users/nashid/repos/apache/apache-tomcat-9.0.91/webapps/ROOT]
15-Jul-2024 14:47:44.094 INFO [main] org.apache.catalina.startup.HostConfig.deployDirectory Deployment of web application directory [/Users/nashid/repos/apache/apache-tomcat-9.0.91/webapps/ROOT] has finished in [7] ms
15-Jul-2024 14:47:44.094 INFO [main] org.apache.catalina.startup.HostConfig.deployDirectory Deploying web application directory [/Users/nashid/repos/apache/apache-tomcat-9.0.91/webapps/host-manager]
15-Jul-2024 14:47:44.099 INFO [main] org.apache.catalina.startup.HostConfig.deployDirectory Deployment of web application directory [/Users/nashid/repos/apache/apache-tomcat-9.0.91/webapps/host-manager] has finished in [5] ms
15-Jul-2024 14:47:44.100 INFO [main] org.apache.coyote.AbstractProtocol.start Starting ProtocolHandler ["http-nio-8080"]
15-Jul-2024 14:47:44.105 INFO [main] org.apache.catalina.startup.Catalina.start Server startup in [2279] milliseconds
15-Jul-2024 14:50:54.310 INFO [Catalina-utility-2] org.apache.catalina.startup.HostConfig.reload Reloading context [/parabank]
15-Jul-2024 14:50:54.614 WARNING [Catalina-utility-2] org.apache.tomcat.util.descriptor.web.WebXml.setVersion Unknown version string [5.0]. Default version will be used.
15-Jul-2024 14:50:54.618 WARNING [Catalina-utility-2] org.apache.tomcat.util.descriptor.web.WebXml.setVersion Unknown version string [5.0]. Default version will be used.
15-Jul-2024 14:50:55.992 INFO [Catalina-utility-2] org.apache.jasper.servlet.TldScanner.scanJars At least one JAR was scanned for TLDs yet contained no TLDs. Enable debug logging for this logger for a complete list of JARs that were scanned but no TLDs were found in them. Skipping unneeded JARs during scanning can improve startup time and JSP compilation time.
15-Jul-2024 14:50:55.995 SEVERE [Catalina-utility-2] org.apache.catalina.core.StandardContext.startInternal One or more listeners failed to start. Full details will be found in the appropriate container log file
15-Jul-2024 14:50:55.995 SEVERE [Catalina-utility-2] org.apache.catalina.core.StandardContext.startInternal Context [/parabank] startup failed due to previous errors
